This is pdfTeX, Version 3.141592653-2.6-1.40.24 (TeX Live 2022/Debian) (preloaded format=pdflatex 2023.10.17)  17 NOV 2023 15:20
entering extended mode
 restricted \write18 enabled.
 file:line:error style messages enabled.
 %&-line parsing enabled.
**Automatisierung.tex
(./Automatisierung.tex
LaTeX2e <2022-11-01> patch level 1
L3 programming layer <2023-01-16> (/usr/share/texlive/texmf-dist/tex/latex/base/article.cls
Document Class: article 2022/07/02 v1.4n Standard LaTeX document class
(/usr/share/texlive/texmf-dist/tex/latex/base/size10.clo
File: size10.clo 2022/07/02 v1.4n Standard LaTeX file (size option)
)
\c@part=\count185
\c@section=\count186
\c@subsection=\count187
\c@subsubsection=\count188
\c@paragraph=\count189
\c@subparagraph=\count190
\c@figure=\count191
\c@table=\count192
\abovecaptionskip=\skip48
\belowcaptionskip=\skip49
\bibindent=\dimen140
) (/usr/share/texlive/texmf-dist/tex/latex/geometry/geometry.sty
Package: geometry 2020/01/02 v5.9 Page Geometry
 (/usr/share/texlive/texmf-dist/tex/latex/graphics/keyval.sty
Package: keyval 2022/05/29 v1.15 key=value parser (DPC)
\KV@toks@=\toks16
) (/usr/share/texlive/texmf-dist/tex/generic/iftex/ifvtex.sty
Package: ifvtex 2019/10/25 v1.7 ifvtex legacy package. Use iftex instead.
 (/usr/share/texlive/texmf-dist/tex/generic/iftex/iftex.sty
Package: iftex 2022/02/03 v1.0f TeX engine tests
))
\Gm@cnth=\count193
\Gm@cntv=\count194
\c@Gm@tempcnt=\count195
\Gm@bindingoffset=\dimen141
\Gm@wd@mp=\dimen142
\Gm@odd@mp=\dimen143
\Gm@even@mp=\dimen144
\Gm@layoutwidth=\dimen145
\Gm@layoutheight=\dimen146
\Gm@layouthoffset=\dimen147
\Gm@layoutvoffset=\dimen148
\Gm@dimlist=\toks17
) (/usr/share/texlive/texmf-dist/tex/latex/base/inputenc.sty
Package: inputenc 2021/02/14 v1.3d Input encoding file
\inpenc@prehook=\toks18
\inpenc@posthook=\toks19
) (/usr/share/texlive/texmf-dist/tex/latex/base/fontenc.sty
Package: fontenc 2021/04/29 v2.0v Standard LaTeX package
) (/usr/share/texlive/texmf-dist/tex/latex/base/textcomp.sty
Package: textcomp 2020/02/02 v2.0n Standard LaTeX package
) (/usr/share/texlive/texmf-dist/tex/generic/babel/babel.sty
Package: babel 2022/12/26 3.84 The Babel package
\babel@savecnt=\count196
\U@D=\dimen149
\l@unhyphenated=\language87
 (/usr/share/texlive/texmf-dist/tex/generic/babel/txtbabel.def)
\bbl@readstream=\read2
\bbl@dirlevel=\count197
 (/usr/share/texlive/texmf-dist/tex/generic/babel-german/ngerman.ldf
Language: ngerman 2021/02/27 v2.13 German support for babel (post-1996 orthography)
 (/usr/share/texlive/texmf-dist/tex/generic/babel-german/ngermanb.ldf
Language: ngermanb 2021/02/27 v2.13 German support for babel (post-1996 orthography)
Package babel Info: Making " an active character on input line 122.
))) (/usr/share/texlive/texmf-dist/tex/generic/babel/locale/de/babel-ngerman.tex
Package babel Info: Importing font and identification data for ngerman
(babel)             from babel-de.ini. Reported on input line 11.
) (/usr/share/texlive/texmf-dist/tex/latex/amsmath/amsmath.sty
Package: amsmath 2022/04/08 v2.17n AMS math features
\@mathmargin=\skip50

For additional information on amsmath, use the `?' option.
(/usr/share/texlive/texmf-dist/tex/latex/amsmath/amstext.sty
Package: amstext 2021/08/26 v2.01 AMS text
 (/usr/share/texlive/texmf-dist/tex/latex/amsmath/amsgen.sty
File: amsgen.sty 1999/11/30 v2.0 generic functions
\@emptytoks=\toks20
\ex@=\dimen150
)) (/usr/share/texlive/texmf-dist/tex/latex/amsmath/amsbsy.sty
Package: amsbsy 1999/11/29 v1.2d Bold Symbols
\pmbraise@=\dimen151
) (/usr/share/texlive/texmf-dist/tex/latex/amsmath/amsopn.sty
Package: amsopn 2022/04/08 v2.04 operator names
)
\inf@bad=\count198
LaTeX Info: Redefining \frac on input line 234.
\uproot@=\count199
\leftroot@=\count266
LaTeX Info: Redefining \overline on input line 399.
LaTeX Info: Redefining \colon on input line 410.
\classnum@=\count267
\DOTSCASE@=\count268
LaTeX Info: Redefining \ldots on input line 496.
LaTeX Info: Redefining \dots on input line 499.
LaTeX Info: Redefining \cdots on input line 620.
\Mathstrutbox@=\box51
\strutbox@=\box52
LaTeX Info: Redefining \big on input line 722.
LaTeX Info: Redefining \Big on input line 723.
LaTeX Info: Redefining \bigg on input line 724.
LaTeX Info: Redefining \Bigg on input line 725.
\big@size=\dimen152
LaTeX Font Info:    Redeclaring font encoding OML on input line 743.
LaTeX Font Info:    Redeclaring font encoding OMS on input line 744.
\macc@depth=\count269
LaTeX Info: Redefining \bmod on input line 905.
LaTeX Info: Redefining \pmod on input line 910.
LaTeX Info: Redefining \smash on input line 940.
LaTeX Info: Redefining \relbar on input line 970.
LaTeX Info: Redefining \Relbar on input line 971.
\c@MaxMatrixCols=\count270
\dotsspace@=\muskip16
\c@parentequation=\count271
\dspbrk@lvl=\count272
\tag@help=\toks21
\row@=\count273
\column@=\count274
\maxfields@=\count275
\andhelp@=\toks22
\eqnshift@=\dimen153
\alignsep@=\dimen154
\tagshift@=\dimen155
\tagwidth@=\dimen156
\totwidth@=\dimen157
\lineht@=\dimen158
\@envbody=\toks23
\multlinegap=\skip51
\multlinetaggap=\skip52
\mathdisplay@stack=\toks24
LaTeX Info: Redefining \[ on input line 2953.
LaTeX Info: Redefining \] on input line 2954.
) (/usr/share/texlive/texmf-dist/tex/latex/amsfonts/amssymb.sty
Package: amssymb 2013/01/14 v3.01 AMS font symbols
 (/usr/share/texlive/texmf-dist/tex/latex/amsfonts/amsfonts.sty
Package: amsfonts 2013/01/14 v3.01 Basic AMSFonts support
\symAMSa=\mathgroup4
\symAMSb=\mathgroup5
LaTeX Font Info:    Redeclaring math symbol \hbar on input line 98.
LaTeX Font Info:    Overwriting math alphabet `\mathfrak' in version `bold'
(Font)                  U/euf/m/n --> U/euf/b/n on input line 106.
)) (/usr/share/texlive/texmf-dist/tex/latex/ncctools/nccmath.sty
Package: nccmath 2006/01/20 v1.3 Additional Math Commands (NCC)
\NCC@fracrulewidth=\dimen159
) (/usr/share/texlive/texmf-dist/tex/latex/accents/accents.sty
Package: accents 2006/05/12 v1.4 Math Accent Tools
\cc@skew=\dimen160
\cc@wd=\dimen161
\cc@code=\count276
\cc@group=\count277
\cc@skewchar=\count278
) (/usr/share/texlive/texmf-dist/tex/latex/import/import.sty
Package: import 2020/04/01  v 6.2
) (/usr/share/texlive/texmf-dist/tex/latex/xifthen/xifthen.sty
Package: xifthen 2015/11/05 v1.4.0 Extended ifthen features
 (/usr/share/texlive/texmf-dist/tex/latex/tools/calc.sty
Package: calc 2017/05/25 v4.3 Infix arithmetic (KKT,FJ)
\calc@Acount=\count279
\calc@Bcount=\count280
\calc@Adimen=\dimen162
\calc@Bdimen=\dimen163
\calc@Askip=\skip53
\calc@Bskip=\skip54
LaTeX Info: Redefining \setlength on input line 80.
LaTeX Info: Redefining \addtolength on input line 81.
\calc@Ccount=\count281
\calc@Cskip=\skip55
) (/usr/share/texlive/texmf-dist/tex/latex/base/ifthen.sty
Package: ifthen 2022/04/13 v1.1d Standard LaTeX ifthen package (DPC)
) (/usr/share/texlive/texmf-dist/tex/latex/ifmtarg/ifmtarg.sty
Package: ifmtarg 2018/04/16 v1.2b check for an empty argument
)) (/usr/share/texlive/texmf-dist/tex/latex/pdfpages/pdfpages.sty
Package: pdfpages 2022/12/19 v0.5x Insert pages of external PDF documents (AM)
 (/usr/share/texlive/texmf-dist/tex/latex/eso-pic/eso-pic.sty
Package: eso-pic 2020/10/14 v3.0a eso-pic (RN)
\ESO@tempdima=\dimen164
\ESO@tempdimb=\dimen165
 (/usr/share/texlive/texmf-dist/tex/latex/xcolor/xcolor.sty
Package: xcolor 2022/06/12 v2.14 LaTeX color extensions (UK)
 (/usr/share/texlive/texmf-dist/tex/latex/graphics-cfg/color.cfg
File: color.cfg 2016/01/02 v1.6 sample color configuration
)
Package xcolor Info: Driver file: pdftex.def on input line 227.
 (/usr/share/texlive/texmf-dist/tex/latex/graphics-def/pdftex.def
File: pdftex.def 2022/09/22 v1.2b Graphics/color driver for pdftex
) (/usr/share/texlive/texmf-dist/tex/latex/graphics/mathcolor.ltx)
Package xcolor Info: Model `cmy' substituted by `cmy0' on input line 1353.
Package xcolor Info: Model `hsb' substituted by `rgb' on input line 1357.
Package xcolor Info: Model `RGB' extended on input line 1369.
Package xcolor Info: Model `HTML' substituted by `rgb' on input line 1371.
Package xcolor Info: Model `Hsb' substituted by `hsb' on input line 1372.
Package xcolor Info: Model `tHsb' substituted by `hsb' on input line 1373.
Package xcolor Info: Model `HSB' substituted by `hsb' on input line 1374.
Package xcolor Info: Model `Gray' substituted by `gray' on input line 1375.
Package xcolor Info: Model `wave' substituted by `hsb' on input line 1376.
)) (/usr/share/texlive/texmf-dist/tex/latex/graphics/graphicx.sty
Package: graphicx 2021/09/16 v1.2d Enhanced LaTeX Graphics (DPC,SPQR)
 (/usr/share/texlive/texmf-dist/tex/latex/graphics/graphics.sty
Package: graphics 2022/03/10 v1.4e Standard LaTeX Graphics (DPC,SPQR)
 (/usr/share/texlive/texmf-dist/tex/latex/graphics/trig.sty
Package: trig 2021/08/11 v1.11 sin cos tan (DPC)
) (/usr/share/texlive/texmf-dist/tex/latex/graphics-cfg/graphics.cfg
File: graphics.cfg 2016/06/04 v1.11 sample graphics configuration
)
Package graphics Info: Driver file: pdftex.def on input line 107.
)
\Gin@req@height=\dimen166
\Gin@req@width=\dimen167
)
\AM@pagewidth=\dimen168
\AM@pageheight=\dimen169
\AM@fboxrule=\dimen170
 (/usr/share/texlive/texmf-dist/tex/latex/pdfpages/pppdftex.def
File: pppdftex.def 2022/12/19 v0.5x Pdfpages driver for pdfTeX (AM)
)
\pdfpages@includegraphics@status=\count282
\AM@pagebox=\box53
\AM@global@opts=\toks25
\AM@pagecnt=\count283
\AM@toc@title=\toks26
\AM@lof@heading=\toks27
\c@AM@survey=\count284
\AM@templatesizebox=\box54
) (/usr/share/texlive/texmf-dist/tex/latex/transparent/transparent.sty
Package: transparent 2022-10-27 v1.5 Transparency with color stacks
 (/usr/share/texlive/texmf-dist/tex/latex/transparent/transparent-nometadata.sty
Package: transparent-nometadata 2022-10-27 v1.5 Transparency via pdfTeX's color stack (HO)
 (/usr/share/texlive/texmf-dist/tex/latex/auxhook/auxhook.sty
Package: auxhook 2019-12-17 v1.6 Hooks for auxiliary files (HO)
))) (/usr/share/texlive/texmf-dist/tex/latex/l3backend/l3backend-pdftex.def
File: l3backend-pdftex.def 2023-01-16 L3 backend support: PDF output (pdfTeX)
\l__color_backend_stack_int=\count285
\l__pdf_internal_box=\box55
) (./Automatisierung.aux)
\openout1 = `Automatisierung.aux'.

LaTeX Font Info:    Checking defaults for OML/cmm/m/it on input line 27.
LaTeX Font Info:    ... okay on input line 27.
LaTeX Font Info:    Checking defaults for OMS/cmsy/m/n on input line 27.
LaTeX Font Info:    ... okay on input line 27.
LaTeX Font Info:    Checking defaults for OT1/cmr/m/n on input line 27.
LaTeX Font Info:    ... okay on input line 27.
LaTeX Font Info:    Checking defaults for T1/cmr/m/n on input line 27.
LaTeX Font Info:    ... okay on input line 27.
LaTeX Font Info:    Checking defaults for TS1/cmr/m/n on input line 27.
LaTeX Font Info:    ... okay on input line 27.
LaTeX Font Info:    Checking defaults for OMX/cmex/m/n on input line 27.
LaTeX Font Info:    ... okay on input line 27.
LaTeX Font Info:    Checking defaults for U/cmr/m/n on input line 27.
LaTeX Font Info:    ... okay on input line 27.

*geometry* driver: auto-detecting
*geometry* detected driver: pdftex
*geometry* verbose mode - [ preamble ] result:
* driver: pdftex
* paper: a4paper
* layout: <same size as paper>
* layoutoffset:(h,v)=(0.0pt,0.0pt)
* modes: 
* h-part:(L,W,R)=(85.35826pt, 426.79135pt, 85.35826pt)
* v-part:(T,H,B)=(56.9055pt, 731.23584pt, 56.9055pt)
* \paperwidth=597.50787pt
* \paperheight=845.04684pt
* \textwidth=426.79135pt
* \textheight=731.23584pt
* \oddsidemargin=13.08827pt
* \evensidemargin=13.08827pt
* \topmargin=-52.36449pt
* \headheight=12.0pt
* \headsep=25.0pt
* \topskip=10.0pt
* \footskip=30.0pt
* \marginparwidth=49.79231pt
* \marginparsep=11.0pt
* \columnsep=10.0pt
* \skip\footins=9.0pt plus 4.0pt minus 2.0pt
* \hoffset=0.0pt
* \voffset=0.0pt
* \mag=1000
* \@twocolumnfalse
* \@twosidefalse
* \@mparswitchfalse
* \@reversemarginfalse
* (1in=72.27pt=25.4mm, 1cm=28.453pt)

(/usr/share/texlive/texmf-dist/tex/context/base/mkii/supp-pdf.mkii
[Loading MPS to PDF converter (version 2006.09.02).]
\scratchcounter=\count286
\scratchdimen=\dimen171
\scratchbox=\box56
\nofMPsegments=\count287
\nofMParguments=\count288
\everyMPshowfont=\toks28
\MPscratchCnt=\count289
\MPscratchDim=\dimen172
\MPnumerator=\count290
\makeMPintoPDFobject=\count291
\everyMPtoPDFconversion=\toks29
) (/usr/share/texlive/texmf-dist/tex/latex/epstopdf-pkg/epstopdf-base.sty
Package: epstopdf-base 2020-01-24 v2.11 Base part for package epstopdf
Package epstopdf-base Info: Redefining graphics rule for `.eps' on input line 485.
 (/usr/share/texlive/texmf-dist/tex/latex/latexconfig/epstopdf-sys.cfg
File: epstopdf-sys.cfg 2010/07/13 v1.3 Configuration of (r)epstopdf for TeX Live
)) (/usr/share/texlive/texmf-dist/tex/latex/pdflscape/pdflscape.sty
Package: pdflscape 2022-10-27 v0.13 Display of landscape pages in PDF
 (/usr/share/texlive/texmf-dist/tex/latex/pdflscape/pdflscape-nometadata.sty
Package: pdflscape-nometadata 2022-10-28 v0.13 Display of landscape pages in PDF (HO)
 (/usr/share/texlive/texmf-dist/tex/latex/graphics/lscape.sty
Package: lscape 2020/05/28 v3.02 Landscape Pages (DPC)
)
Package pdflscape Info: Auto-detected driver: pdftex on input line 81.
))
LaTeX Font Info:    Trying to load font information for U+msa on input line 29.
 (/usr/share/texlive/texmf-dist/tex/latex/amsfonts/umsa.fd
File: umsa.fd 2013/01/14 v3.01 AMS symbols A
)
LaTeX Font Info:    Trying to load font information for U+msb on input line 29.
 (/usr/share/texlive/texmf-dist/tex/latex/amsfonts/umsb.fd
File: umsb.fd 2013/01/14 v3.01 AMS symbols B
)
./Automatisierung.tex:45: Missing $ inserted.
<inserted text> 
                $
l.45 ...ndlich unendlich viele l√∂sungen f√ºr \phi
                                                  , weil der \R^2 verwendet ...
I've inserted a begin-math/end-math symbol since I think
you left one out. Proceed, with fingers crossed.

./Automatisierung.tex:45: Undefined control sequence.
l.45 ...ich viele l√∂sungen f√ºr \phi, weil der \R
                                                  ^2 verwendet wurde
The control sequence at the end of the top line
of your error message was never \def'ed. If you have
misspelled it (e.g., `\hobx'), type `I' and the correct
spelling (e.g., `I\hbox'). Otherwise just continue,
and I'll forget about whatever was undefined.

./Automatisierung.tex:46: Undefined control sequence.
l.46 der \R
           ^2 ist der falsche Zustandsraum, der richtige Raum w√§re eigendli...
The control sequence at the end of the top line
of your error message was never \def'ed. If you have
misspelled it (e.g., `\hobx'), type `I' and the correct
spelling (e.g., `I\hbox'). Otherwise just continue,
and I'll forget about whatever was undefined.


LaTeX Warning: Command \" invalid in math mode on input line 46.

./Automatisierung.tex:47: Missing $ inserted.
<inserted text> 
                $
l.47 
     
I've inserted a begin-math/end-math symbol since I think
you left one out. Proceed, with fingers crossed.

Missing character: There is no ‰ in font cmr10!

Overfull \hbox (88.65485pt too wide) in paragraph at lines 45--47
\OML/cmm/m/it/10 ^^^; weilder[]verwendetwurdeder[]istderfalscheZustandsraum; derrichtigeRaumwreeigendlichderSO\OT1/cmr/m/n/10 3\OML/cmm/m/it/10 ; derZylinder\OT1/cmr/m/n/10 ?)$ 
 []

[1

{/var/lib/texmf/fonts/map/pdftex/updmap/pdftex.map}]
./Automatisierung.tex:94: You can't use `macro parameter character #' in horizontal mode.
l.94 u(t) = u~#
               deltau
Sorry, but I'm not programmed to handle this case;
I'll just pretend that you didn't ask for it.
If you're in the wrong mode, you might be able to
return to the right one by typing `I}' or `I$' or `I\par'.

./Automatisierung.tex:128: Undefined control sequence.
l.128 \[y=c^{T} + d\xdot
                         u\]
The control sequence at the end of the top line
of your error message was never \def'ed. If you have
misspelled it (e.g., `\hobx'), type `I' and the correct
spelling (e.g., `I\hbox'). Otherwise just continue,
and I'll forget about whatever was undefined.


Package amsfonts Warning: Obsolete command \bold; \mathbf should be used instead on input line 138.

[2]
Underfull \hbox (badness 10000) in paragraph at lines 151--152

 []

./Automatisierung.tex:160: Display math should end with $$.
<to be read again> 
                   ,
l.160 \[(A-\lambda_{i}\cdot E)\cdot v_i=0$,
                                            $i \in {1,2,3}\]
The `$' that I just saw supposedly matches a previous `$$'.
So I shall assume that you typed `$$' both times.

./Automatisierung.tex:160: Missing $ inserted.
<inserted text> 
                $
l.160 ...{i}\cdot E)\cdot v_i=0$, $i \in {1,2,3}\]
                                                  
I've inserted something that you may have forgotten.
(See the <inserted text> above.)
With luck, this will get me unwedged. But if you
really didn't forget anything, try typing `2' now; then
my insertion and my current dilemma will both disappear.

[3]
Underfull \hbox (badness 10000) in paragraph at lines 218--219

 []

./Automatisierung.tex:242: Missing $ inserted.
<inserted text> 
                $
l.242     \item proper: Z√§hlergrad \ge
                                         Nenner
I've inserted a begin-math/end-math symbol since I think
you left one out. Proceed, with fingers crossed.


./Automatisierung.tex:243: LaTeX Error: Command \item invalid in math mode.

See the LaTeX manual or LaTeX Companion for explanation.
Type  H <return>  for immediate help.
 ...                                              
                                                  
l.243     \item
                strictly proper: Z√§hlergrad > Nennergrad
Try typing  <return>  to proceed.
If that doesn't work, type  X <return>  to quit.


./Automatisierung.tex:243: LaTeX Error: Something's wrong--perhaps a missing \item.

See the LaTeX manual or LaTeX Companion for explanation.
Type  H <return>  for immediate help.
 ...                                              
                                                  
l.243     \item s
                 trictly proper: Z√§hlergrad > Nennergrad
Try typing  <return>  to proceed.
If that doesn't work, type  X <return>  to quit.


./Automatisierung.tex:243: LaTeX Error: Something's wrong--perhaps a missing \item.

See the LaTeX manual or LaTeX Companion for explanation.
Type  H <return>  for immediate help.
 ...                                              
                                                  
l.243     \item s
                 trictly proper: Z√§hlergrad > Nennergrad
Try typing  <return>  to proceed.
If that doesn't work, type  X <return>  to quit.


LaTeX Warning: Command \" invalid in math mode on input line 243.


./Automatisierung.tex:244: LaTeX Error: Command \end{itemize} invalid in math mode.

See the LaTeX manual or LaTeX Companion for explanation.
Type  H <return>  for immediate help.
 ...                                              
                                                  
l.244 \end{itemize}
                   
Try typing  <return>  to proceed.
If that doesn't work, type  X <return>  to quit.


./Automatisierung.tex:244: LaTeX Error: Something's wrong--perhaps a missing \item.

See the LaTeX manual or LaTeX Companion for explanation.
Type  H <return>  for immediate help.
 ...                                              
                                                  
l.244 \end{itemize}
                   
Try typing  <return>  to proceed.
If that doesn't work, type  X <return>  to quit.


./Automatisierung.tex:244: LaTeX Error: Something's wrong--perhaps a missing \item.

See the LaTeX manual or LaTeX Companion for explanation.
Type  H <return>  for immediate help.
 ...                                              
                                                  
l.244 \end{itemize}
                   
Try typing  <return>  to proceed.
If that doesn't work, type  X <return>  to quit.

./Automatisierung.tex:244: Missing $ inserted.
<inserted text> 
                $
l.244 \end{itemize}
                   
I've inserted something that you may have forgotten.
(See the <inserted text> above.)
With luck, this will get me unwedged. But if you
really didn't forget anything, try typing `2' now; then
my insertion and my current dilemma will both disappear.

Missing character: There is no ‰ in font cmr10!
[4]
./Automatisierung.tex:311: Missing $ inserted.
<inserted text> 
                $
l.311     \item $\xi=0$ \implies
                                  $1+(\frac{s}{\omega_{z}^{2}}=0$
I've inserted a begin-math/end-math symbol since I think
you left one out. Proceed, with fingers crossed.

./Automatisierung.tex:311: Missing $ inserted.
<inserted text> 
                $
l.311 ...0$ \implies  $1+(\frac{s}{\omega_{z}^{2}}
                                                  =0$
I've inserted a begin-math/end-math symbol since I think
you left one out. Proceed, with fingers crossed.

./Automatisierung.tex:311: Extra }, or forgotten $.
\frac  #1#2->{\begingroup #1\endgroup \@@over #2}
                                                 
l.311 ...0$ \implies  $1+(\frac{s}{\omega_{z}^{2}}
                                                  =0$
I've deleted a group-closing symbol because it seems to be
spurious, as in `$x}$'. But perhaps the } is legitimate and
you forgot something else, as in `\hbox{$x}'. In such cases
the way to recover is to insert both the forgotten and the
deleted material, e.g., by typing `I$}'.

[5]
./Automatisierung.tex:312: Missing $ inserted.
<inserted text> 
                $
l.312     \item $\xi=1$ \implies
                                  $ 1+ 2(\frac{s}{\omega_{z}+(\frac{s}{\omeg...
I've inserted a begin-math/end-math symbol since I think
you left one out. Proceed, with fingers crossed.

./Automatisierung.tex:312: Missing $ inserted.
<inserted text> 
                $
l.312 ...a_{z}})^2=(1+\frac{s}{\omega_{z}})^{2}=0}
                                                  $
I've inserted a begin-math/end-math symbol since I think
you left one out. Proceed, with fingers crossed.

./Automatisierung.tex:312: Extra }, or forgotten $.
\frac  #1#2->{\begingroup #1\endgroup \@@over #2}
                                                 
l.312 ...a_{z}})^2=(1+\frac{s}{\omega_{z}})^{2}=0}
                                                  $
I've deleted a group-closing symbol because it seems to be
spurious, as in `$x}$'. But perhaps the } is legitimate and
you forgot something else, as in `\hbox{$x}'. In such cases
the way to recover is to insert both the forgotten and the
deleted material, e.g., by typing `I$}'.

./Automatisierung.tex:313: Missing } inserted.
<inserted text> 
                }
l.313 \end{itemize}
                   
I've inserted something that you may have forgotten.
(See the <inserted text> above.)
With luck, this will get me unwedged. But if you
really didn't forget anything, try typing `2' now; then
my insertion and my current dilemma will both disappear.

./Automatisierung.tex:313: Missing } inserted.
<inserted text> 
                }
l.313 \end{itemize}
                   
I've inserted something that you may have forgotten.
(See the <inserted text> above.)
With luck, this will get me unwedged. But if you
really didn't forget anything, try typing `2' now; then
my insertion and my current dilemma will both disappear.


LaTeX Warning: Command \textdegree invalid in math mode on input line 339.


LaTeX Warning: Command \textdegree invalid in math mode on input line 339.

Missing character: There is no ∞ in font cmr10!

Overfull \hbox (1.26953pt too wide) in paragraph at lines 356--360
\T1/cmr/m/n/10 li-chen Fre-quenz-gang $\OML/cmm/m/it/10 G\OT1/cmr/m/n/10 (\OML/cmm/m/it/10 s\OT1/cmr/m/n/10 )\OMS/cmsy/m/n/10 j[] \OT1/cmr/m/n/10 = \OML/cmm/m/it/10 G\OT1/cmr/m/n/10 (\OML/cmm/m/it/10 I!\OT1/cmr/m/n/10 ) = \OML/cmm/m/it/10 Re\OT1/cmr/m/n/10 (\OML/cmm/m/it/10 G\OT1/cmr/m/n/10 (\OML/cmm/m/it/10 I!\OT1/cmr/m/n/10 ) + \OML/cmm/m/it/10 I \OMS/cmsy/m/n/10 ^^A \OML/cmm/m/it/10 Img\OT1/cmr/m/n/10 (\OML/cmm/m/it/10 G\OT1/cmr/m/n/10 (\OML/cmm/m/it/10 I!\OT1/cmr/m/n/10 )) = \OMS/cmsy/m/n/10 k\OML/cmm/m/it/10 G\OT1/cmr/m/n/10 (\OML/cmm/m/it/10 I!\OT1/cmr/m/n/10 )\OML/cmm/m/it/10 e[]\OMS/cmsy/m/n/10 k$
 []

[6]
./Automatisierung.tex:368: Improper \spacefactor.
<recently read> \spacefactor 
                             
l.368     \r $
              \frac{\omega}{\omega_{K} \bigger 1}$
You can refer to \spacefactor only in horizontal mode;
you can refer to \prevdepth only in vertical mode; and
neither of these is meaningful inside \write. So
I'm forgetting what you said and using zero instead.

./Automatisierung.tex:368: Extra }, or forgotten $.
\add@accent ... \accent@spacefactor \spacefactor }
                                                  \let \maybe@load@fontshape...
l.368     \r $
              \frac{\omega}{\omega_{K} \bigger 1}$
I've deleted a group-closing symbol because it seems to be
spurious, as in `$x}$'. But perhaps the } is legitimate and
you forgot something else, as in `\hbox{$x}'. In such cases
the way to recover is to insert both the forgotten and the
deleted material, e.g., by typing `I$}'.

./Automatisierung.tex:368: Please use \mathaccent for accents in math mode.
\add@accent ... \let \ignorespaces \relax \accent 
                                                  #1 #2\egroup \ifmmode \els...
l.368     \r $
              \frac{\omega}{\omega_{K} \bigger 1}$
I'm changing \accent to \mathaccent here; wish me luck.
(Accents are not the same in formulas as they are in text.)

./Automatisierung.tex:368: Missing { inserted.
<to be read again> 
                   $
l.368     \r $
              \frac{\omega}{\omega_{K} \bigger 1}$
A left brace was mandatory here, so I've put one in.
You might want to delete and/or insert some corrections
so that I will find a matching right brace soon.
(If you're confused by all this, try typing `I}' now.)

./Automatisierung.tex:368: Missing } inserted.
<inserted text> 
                }
l.368     \r $
              \frac{\omega}{\omega_{K} \bigger 1}$
I've inserted something that you may have forgotten.
(See the <inserted text> above.)
With luck, this will get me unwedged. But if you
really didn't forget anything, try typing `2' now; then
my insertion and my current dilemma will both disappear.

./Automatisierung.tex:368: Bad space factor (0).
<recently read> \accent@spacefactor 
                                    
l.368     \r $
              \frac{\omega}{\omega_{K} \bigger 1}$
I allow only values in the range 1..32767 here.

./Automatisierung.tex:368: Missing $ inserted.
<inserted text> 
                $
l.368     \r $\frac{\omega}{\omega_{K} \bigger 1}
                                                 $
I've inserted a begin-math/end-math symbol since I think
you left one out. Proceed, with fingers crossed.

./Automatisierung.tex:368: Missing $ inserted.
<inserted text> 
                $
l.368     \r $\frac{\omega}{\omega_{K} \bigger 1}
                                                 $
I've inserted something that you may have forgotten.
(See the <inserted text> above.)
With luck, this will get me unwedged. But if you
really didn't forget anything, try typing `2' now; then
my insertion and my current dilemma will both disappear.

./Automatisierung.tex:368: Missing $ inserted.
<inserted text> 
                $
l.368     \r $\frac{\omega}{\omega_{K} \bigger 1}
                                                 $
I've inserted a begin-math/end-math symbol since I think
you left one out. Proceed, with fingers crossed.

./Automatisierung.tex:368: Undefined control sequence.
<argument> \omega _{K} \bigger 
                               1
l.368     \r $\frac{\omega}{\omega_{K} \bigger 1}
                                                 $
The control sequence at the end of the top line
of your error message was never \def'ed. If you have
misspelled it (e.g., `\hobx'), type `I' and the correct
spelling (e.g., `I\hbox'). Otherwise just continue,
and I'll forget about whatever was undefined.

./Automatisierung.tex:368: Extra }, or forgotten $.
\frac  #1#2->{\begingroup #1\endgroup \@@over #2}
                                                 
l.368     \r $\frac{\omega}{\omega_{K} \bigger 1}
                                                 $
I've deleted a group-closing symbol because it seems to be
spurious, as in `$x}$'. But perhaps the } is legitimate and
you forgot something else, as in `\hbox{$x}'. In such cases
the way to recover is to insert both the forgotten and the
deleted material, e.g., by typing `I$}'.

./Automatisierung.tex:369: Missing } inserted.
<inserted text> 
                }
l.369 \end{itemize}
                   
I've inserted something that you may have forgotten.
(See the <inserted text> above.)
With luck, this will get me unwedged. But if you
really didn't forget anything, try typing `2' now; then
my insertion and my current dilemma will both disappear.

./Automatisierung.tex:369: Missing } inserted.
<inserted text> 
                }
l.369 \end{itemize}
                   
I've inserted something that you may have forgotten.
(See the <inserted text> above.)
With luck, this will get me unwedged. But if you
really didn't forget anything, try typing `2' now; then
my insertion and my current dilemma will both disappear.

./Automatisierung.tex:383: Undefined control sequence.
<argument> ... {\omega }{\omega _{K}})^{2}+I2\Chi 
                                                  \frac {\omega }{ \omega _{...
l.383 ...a}{ \omega_{K}}$, $\omega_{K}\bigger0$ :}
                                                  
The control sequence at the end of the top line
of your error message was never \def'ed. If you have
misspelled it (e.g., `\hobx'), type `I' and the correct
spelling (e.g., `I\hbox'). Otherwise just continue,
and I'll forget about whatever was undefined.

./Automatisierung.tex:383: Undefined control sequence.
<argument> ... \omega _{K}}$, $\omega _{K}\bigger 
                                                  0$ :
l.383 ...a}{ \omega_{K}}$, $\omega_{K}\bigger0$ :}
                                                  
The control sequence at the end of the top line
of your error message was never \def'ed. If you have
misspelled it (e.g., `\hobx'), type `I' and the correct
spelling (e.g., `I\hbox'). Otherwise just continue,
and I'll forget about whatever was undefined.

./Automatisierung.tex:386: Undefined control sequence.
l.386 ...√§lle durchf√ºhren und f√ºr $G(s)=1+2\Chi
                                                  \frac{s}{10} +(\frac{s}{10...
The control sequence at the end of the top line
of your error message was never \def'ed. If you have
misspelled it (e.g., `\hobx'), type `I' and the correct
spelling (e.g., `I\hbox'). Otherwise just continue,
and I'll forget about whatever was undefined.

./Automatisierung.tex:386: Undefined control sequence.
<argument> 1+2\Chi 
                   \frac {s}{10} +(\frac {s}{10}^{2}
l.386 ...}{1+2\Chi\frac{s}{10} +(\frac{s}{10}^{2}}
                                                  $ plotten
The control sequence at the end of the top line
of your error message was never \def'ed. If you have
misspelled it (e.g., `\hobx'), type `I' and the correct
spelling (e.g., `I\hbox'). Otherwise just continue,
and I'll forget about whatever was undefined.

./Automatisierung.tex:387: Undefined control sequence.
<recently read> \Chi 
                     
l.387     \item 4. Fall: Variation vom $\Chi
                                            =(0, 1]$. Man erkennt Resonanz- ...
The control sequence at the end of the top line
of your error message was never \def'ed. If you have
misspelled it (e.g., `\hobx'), type `I' and the correct
spelling (e.g., `I\hbox'). Otherwise just continue,
and I'll forget about whatever was undefined.

./Automatisierung.tex:392: Extra }, or forgotten $.
\cc@@accent ...ef \cc@nuc {#2}\fi \kern \cc@skew }
                                                  \kern -\cc@skew \kern \cc@wd 
l.392 \[ m \dot\dot
                    x = F-cx \]
I've deleted a group-closing symbol because it seems to be
spurious, as in `$x}$'. But perhaps the } is legitimate and
you forgot something else, as in `\hbox{$x}'. In such cases
the way to recover is to insert both the forgotten and the
deleted material, e.g., by typing `I$}'.

./Automatisierung.tex:392: Extra }, or forgotten $.
\cc@palette ...>\mathchoice {#1\displaystyle {#2}}
                                                  {#1\textstyle {#2}}{#1\scr...
l.392 \[ m \dot\dot
                    x = F-cx \]
I've deleted a group-closing symbol because it seems to be
spurious, as in `$x}$'. But perhaps the } is legitimate and
you forgot something else, as in `\hbox{$x}'. In such cases
the way to recover is to insert both the forgotten and the
deleted material, e.g., by typing `I$}'.

./Automatisierung.tex:392: Extra }, or forgotten $.
\cc@@accent ...ef \cc@nuc {#2}\fi \kern \cc@skew }
                                                  \kern -\cc@skew \kern \cc@wd 
l.392 \[ m \dot\dot
                    x = F-cx \]
I've deleted a group-closing symbol because it seems to be
spurious, as in `$x}$'. But perhaps the } is legitimate and
you forgot something else, as in `\hbox{$x}'. In such cases
the way to recover is to insert both the forgotten and the
deleted material, e.g., by typing `I$}'.

./Automatisierung.tex:392: Extra }, or forgotten $.
\cc@palette ...splaystyle {#2}}{#1\textstyle {#2}}
                                                  {#1\scriptstyle {#2}}{#1\s...
l.392 \[ m \dot\dot
                    x = F-cx \]
I've deleted a group-closing symbol because it seems to be
spurious, as in `$x}$'. But perhaps the } is legitimate and
you forgot something else, as in `\hbox{$x}'. In such cases
the way to recover is to insert both the forgotten and the
deleted material, e.g., by typing `I$}'.

./Automatisierung.tex:392: Extra }, or forgotten $.
\cc@@accent ...ef \cc@nuc {#2}\fi \kern \cc@skew }
                                                  \kern -\cc@skew \kern \cc@wd 
l.392 \[ m \dot\dot
                    x = F-cx \]
I've deleted a group-closing symbol because it seems to be
spurious, as in `$x}$'. But perhaps the } is legitimate and
you forgot something else, as in `\hbox{$x}'. In such cases
the way to recover is to insert both the forgotten and the
deleted material, e.g., by typing `I$}'.

./Automatisierung.tex:392: Extra }, or forgotten $.
\cc@palette ...extstyle {#2}}{#1\scriptstyle {#2}}
                                                  {#1\scriptscriptstyle {#2}}
l.392 \[ m \dot\dot
                    x = F-cx \]
I've deleted a group-closing symbol because it seems to be
spurious, as in `$x}$'. But perhaps the } is legitimate and
you forgot something else, as in `\hbox{$x}'. In such cases
the way to recover is to insert both the forgotten and the
deleted material, e.g., by typing `I$}'.

./Automatisierung.tex:392: Extra }, or forgotten $.
\cc@@accent ...ef \cc@nuc {#2}\fi \kern \cc@skew }
                                                  \kern -\cc@skew \kern \cc@wd 
l.392 \[ m \dot\dot
                    x = F-cx \]
I've deleted a group-closing symbol because it seems to be
spurious, as in `$x}$'. But perhaps the } is legitimate and
you forgot something else, as in `\hbox{$x}'. In such cases
the way to recover is to insert both the forgotten and the
deleted material, e.g., by typing `I$}'.

./Automatisierung.tex:392: Extra }, or forgotten $.
\cc@palette ...le {#2}}{#1\scriptscriptstyle {#2}}
                                                  
l.392 \[ m \dot\dot
                    x = F-cx \]
I've deleted a group-closing symbol because it seems to be
spurious, as in `$x}$'. But perhaps the } is legitimate and
you forgot something else, as in `\hbox{$x}'. In such cases
the way to recover is to insert both the forgotten and the
deleted material, e.g., by typing `I$}'.

./Automatisierung.tex:392: Missing $ inserted.
<inserted text> 
                $
l.392 \[ m \dot\dot
                    x = F-cx \]
I've inserted something that you may have forgotten.
(See the <inserted text> above.)
With luck, this will get me unwedged. But if you
really didn't forget anything, try typing `2' now; then
my insertion and my current dilemma will both disappear.


./Automatisierung.tex:392: LaTeX Error: Bad math environment delimiter.

See the LaTeX manual or LaTeX Companion for explanation.
Type  H <return>  for immediate help.
 ...                                              
                                                  
l.392 \[ m \dot\dot x = F-cx \]
                               
Your command was ignored.
Type  I <command> <return>  to replace it with another command,
or  <return>  to continue without it.

./Automatisierung.tex:392: Missing } inserted.
<inserted text> 
                }
l.392 \[ m \dot\dot x = F-cx \]
                               
I've inserted something that you may have forgotten.
(See the <inserted text> above.)
With luck, this will get me unwedged. But if you
really didn't forget anything, try typing `2' now; then
my insertion and my current dilemma will both disappear.

./Automatisierung.tex:392: Missing } inserted.
<inserted text> 
                }
l.392 \[ m \dot\dot x = F-cx \]
                               
I've inserted something that you may have forgotten.
(See the <inserted text> above.)
With luck, this will get me unwedged. But if you
really didn't forget anything, try typing `2' now; then
my insertion and my current dilemma will both disappear.

./Automatisierung.tex:392: Missing } inserted.
<inserted text> 
                }
l.392 \[ m \dot\dot x = F-cx \]
                               
I've inserted something that you may have forgotten.
(See the <inserted text> above.)
With luck, this will get me unwedged. But if you
really didn't forget anything, try typing `2' now; then
my insertion and my current dilemma will both disappear.

./Automatisierung.tex:392: Missing $ inserted.
<inserted text> 
                $
l.392 \[ m \dot\dot x = F-cx \]
                               
I've inserted something that you may have forgotten.
(See the <inserted text> above.)
With luck, this will get me unwedged. But if you
really didn't forget anything, try typing `2' now; then
my insertion and my current dilemma will both disappear.


./Automatisierung.tex:393: LaTeX Error: Bad math environment delimiter.

See the LaTeX manual or LaTeX Companion for explanation.
Type  H <return>  for immediate help.
 ...                                              
                                                  
l.393 \[ y=x \]
               
Your command was ignored.
Type  I <command> <return>  to replace it with another command,
or  <return>  to continue without it.

./Automatisierung.tex:394: Missing $ inserted.
<inserted text> 
                $
l.394 \[ \implies
                  s^{2}m \hat{x}=\hat{F}-c \hat{x} \]
I've inserted a begin-math/end-math symbol since I think
you left one out. Proceed, with fingers crossed.

./Automatisierung.tex:394: Missing $ inserted.
<inserted text> 
                $
l.394 ...plies s^{2}m \hat{x}=\hat{F}-c \hat{x} \]
                                                  
I've inserted something that you may have forgotten.
(See the <inserted text> above.)
With luck, this will get me unwedged. But if you
really didn't forget anything, try typing `2' now; then
my insertion and my current dilemma will both disappear.


./Automatisierung.tex:395: LaTeX Error: Bad math environment delimiter.

See the LaTeX manual or LaTeX Companion for explanation.
Type  H <return>  for immediate help.
 ...                                              
                                                  
l.395 \[ \hat{y}=\hat{x} \]
                           
Your command was ignored.
Type  I <command> <return>  to replace it with another command,
or  <return>  to continue without it.

./Automatisierung.tex:396: Missing $ inserted.
<inserted text> 
                $
l.396 \[ \implies
                  G(S)=\frac{\hat{y}}{\hat{x}}=\frac{1}{s^{2}m+c}=\frac{1}{c...
I've inserted a begin-math/end-math symbol since I think
you left one out. Proceed, with fingers crossed.

./Automatisierung.tex:396: Undefined control sequence.
l.396 ...+(\frac{s}{\omega_{K}})^{2}}\text{,} \Chi
                                                  _{K}=0\]
The control sequence at the end of the top line
of your error message was never \def'ed. If you have
misspelled it (e.g., `\hobx'), type `I' and the correct
spelling (e.g., `I\hbox'). Otherwise just continue,
and I'll forget about whatever was undefined.

./Automatisierung.tex:396: Missing $ inserted.
<inserted text> 
                $
l.396 ...s}{\omega_{K}})^{2}}\text{,} \Chi_{K}=0\]
                                                  
I've inserted something that you may have forgotten.
(See the <inserted text> above.)
With luck, this will get me unwedged. But if you
really didn't forget anything, try typing `2' now; then
my insertion and my current dilemma will both disappear.

./Automatisierung.tex:403: Missing $ inserted.
<inserted text> 
                $
l.403 \[ arg(G(I\omega
                      ))=arg(1)-arg(1-\omega^{2})=\arctan(\frac{0}{1-\omega^...
I've inserted a begin-math/end-math symbol since I think
you left one out. Proceed, with fingers crossed.

./Automatisierung.tex:403: Missing $ inserted.
<inserted text> 
                $
l.403 ...a^{2})=\arctan(\frac{0}{1-\omega^{2}}) \]
                                                  
I've inserted something that you may have forgotten.
(See the <inserted text> above.)
With luck, this will get me unwedged. But if you
really didn't forget anything, try typing `2' now; then
my insertion and my current dilemma will both disappear.

./Automatisierung.tex:404: Undefined control sequence.
<recently read> \Chi 
                     
l.404 Wieder f√ºr $\Chi
                       =(0, 1]$ plotten. Siehe Abbildung 3.17 im Skriptum. I...
The control sequence at the end of the top line
of your error message was never \def'ed. If you have
misspelled it (e.g., `\hobx'), type `I' and the correct
spelling (e.g., `I\hbox'). Otherwise just continue,
and I'll forget about whatever was undefined.


./Automatisierung.tex:406: LaTeX Error: Something's wrong--perhaps a missing \item.

See the LaTeX manual or LaTeX Companion for explanation.
Type  H <return>  for immediate help.
 ...                                              
                                                  
l.406 \subsection
                 *{Darstellung von Bodediagrammen - Durchf√ºhrung}
Try typing  <return>  to proceed.
If that doesn't work, type  X <return>  to quit.


./Automatisierung.tex:406: LaTeX Error: Something's wrong--perhaps a missing \item.

See the LaTeX manual or LaTeX Companion for explanation.
Type  H <return>  for immediate help.
 ...                                              
                                                  
l.406 \subsection
                 *{Darstellung von Bodediagrammen - Durchf√ºhrung}
Try typing  <return>  to proceed.
If that doesn't work, type  X <return>  to quit.

./Automatisierung.tex:406: Missing } inserted.
<inserted text> 
                }
l.406 ...llung von Bodediagrammen - Durchf√ºhrung}
                                                  
I've inserted something that you may have forgotten.
(See the <inserted text> above.)
With luck, this will get me unwedged. But if you
really didn't forget anything, try typing `2' now; then
my insertion and my current dilemma will both disappear.

./Automatisierung.tex:406: Missing $ inserted.
<inserted text> 
                $
l.406 ...llung von Bodediagrammen - Durchf√ºhrung}
                                                  
I've inserted a begin-math/end-math symbol since I think
you left one out. Proceed, with fingers crossed.

./Automatisierung.tex:406: Missing } inserted.
<inserted text> 
                }
l.406 ...llung von Bodediagrammen - Durchf√ºhrung}
                                                  
I've inserted something that you may have forgotten.
(See the <inserted text> above.)
With luck, this will get me unwedged. But if you
really didn't forget anything, try typing `2' now; then
my insertion and my current dilemma will both disappear.

./Automatisierung.tex:406: Missing } inserted.
<inserted text> 
                }
l.406 ...llung von Bodediagrammen - Durchf√ºhrung}
                                                  
I've inserted something that you may have forgotten.
(See the <inserted text> above.)
With luck, this will get me unwedged. But if you
really didn't forget anything, try typing `2' now; then
my insertion and my current dilemma will both disappear.

./Automatisierung.tex:406: Missing \endgroup inserted.
<inserted text> 
                \endgroup 
l.406 ...llung von Bodediagrammen - Durchf√ºhrung}
                                                  
I've inserted something that you may have forgotten.
(See the <inserted text> above.)
With luck, this will get me unwedged. But if you
really didn't forget anything, try typing `2' now; then
my insertion and my current dilemma will both disappear.

./Automatisierung.tex:406: Missing } inserted.
<inserted text> 
                }
l.406 ...llung von Bodediagrammen - Durchf√ºhrung}
                                                  
I've inserted something that you may have forgotten.
(See the <inserted text> above.)
With luck, this will get me unwedged. But if you
really didn't forget anything, try typing `2' now; then
my insertion and my current dilemma will both disappear.

./Automatisierung.tex:406: Missing $ inserted.
<inserted text> 
                $
l.406 ...llung von Bodediagrammen - Durchf√ºhrung}
                                                  
I've inserted a begin-math/end-math symbol since I think
you left one out. Proceed, with fingers crossed.

./Automatisierung.tex:406: Missing } inserted.
<inserted text> 
                }
l.406 ...llung von Bodediagrammen - Durchf√ºhrung}
                                                  
I've inserted something that you may have forgotten.
(See the <inserted text> above.)
With luck, this will get me unwedged. But if you
really didn't forget anything, try typing `2' now; then
my insertion and my current dilemma will both disappear.

./Automatisierung.tex:406: Missing } inserted.
<inserted text> 
                }
l.406 ...llung von Bodediagrammen - Durchf√ºhrung}
                                                  
I've inserted something that you may have forgotten.
(See the <inserted text> above.)
With luck, this will get me unwedged. But if you
really didn't forget anything, try typing `2' now; then
my insertion and my current dilemma will both disappear.

./Automatisierung.tex:406: Missing \endgroup inserted.
<inserted text> 
                \endgroup 
l.406 ...llung von Bodediagrammen - Durchf√ºhrung}
                                                  
I've inserted something that you may have forgotten.
(See the <inserted text> above.)
With luck, this will get me unwedged. But if you
really didn't forget anything, try typing `2' now; then
my insertion and my current dilemma will both disappear.

./Automatisierung.tex:406: Missing } inserted.
<inserted text> 
                }
l.406 ...llung von Bodediagrammen - Durchf√ºhrung}
                                                  
I've inserted something that you may have forgotten.
(See the <inserted text> above.)
With luck, this will get me unwedged. But if you
really didn't forget anything, try typing `2' now; then
my insertion and my current dilemma will both disappear.

./Automatisierung.tex:406: Missing $ inserted.
<inserted text> 
                $
l.406 ...llung von Bodediagrammen - Durchf√ºhrung}
                                                  
I've inserted a begin-math/end-math symbol since I think
you left one out. Proceed, with fingers crossed.

./Automatisierung.tex:406: Missing } inserted.
<inserted text> 
                }
l.406 ...llung von Bodediagrammen - Durchf√ºhrung}
                                                  
I've inserted something that you may have forgotten.
(See the <inserted text> above.)
With luck, this will get me unwedged. But if you
really didn't forget anything, try typing `2' now; then
my insertion and my current dilemma will both disappear.

./Automatisierung.tex:406: Missing } inserted.
<inserted text> 
                }
l.406 ...llung von Bodediagrammen - Durchf√ºhrung}
                                                  
I've inserted something that you may have forgotten.
(See the <inserted text> above.)
With luck, this will get me unwedged. But if you
really didn't forget anything, try typing `2' now; then
my insertion and my current dilemma will both disappear.

./Automatisierung.tex:406: Missing { inserted.
<to be read again> 
                   $
l.406 ...llung von Bodediagrammen - Durchf√ºhrung}
                                                  
A left brace was mandatory here, so I've put one in.
You might want to delete and/or insert some corrections
so that I will find a matching right brace soon.
(If you're confused by all this, try typing `I}' now.)

./Automatisierung.tex:406: Missing } inserted.
<inserted text> 
                }
l.406 ...llung von Bodediagrammen - Durchf√ºhrung}
                                                  
I've inserted something that you may have forgotten.
(See the <inserted text> above.)
With luck, this will get me unwedged. But if you
really didn't forget anything, try typing `2' now; then
my insertion and my current dilemma will both disappear.

./Automatisierung.tex:406: Missing { inserted.
<to be read again> 
                   $
l.406 ...llung von Bodediagrammen - Durchf√ºhrung}
                                                  
A left brace was mandatory here, so I've put one in.
You might want to delete and/or insert some corrections
so that I will find a matching right brace soon.
(If you're confused by all this, try typing `I}' now.)

./Automatisierung.tex:406: Missing } inserted.
<inserted text> 
                }
l.406 ...llung von Bodediagrammen - Durchf√ºhrung}
                                                  
I've inserted something that you may have forgotten.
(See the <inserted text> above.)
With luck, this will get me unwedged. But if you
really didn't forget anything, try typing `2' now; then
my insertion and my current dilemma will both disappear.

./Automatisierung.tex:406: Missing { inserted.
<to be read again> 
                   $
l.406 ...llung von Bodediagrammen - Durchf√ºhrung}
                                                  
A left brace was mandatory here, so I've put one in.
You might want to delete and/or insert some corrections
so that I will find a matching right brace soon.
(If you're confused by all this, try typing `I}' now.)

./Automatisierung.tex:406: Missing } inserted.
<inserted text> 
                }
l.406 ...llung von Bodediagrammen - Durchf√ºhrung}
                                                  
I've inserted something that you may have forgotten.
(See the <inserted text> above.)
With luck, this will get me unwedged. But if you
really didn't forget anything, try typing `2' now; then
my insertion and my current dilemma will both disappear.

./Automatisierung.tex:406: Missing \endgroup inserted.
<inserted text> 
                \endgroup 
l.406 ...llung von Bodediagrammen - Durchf√ºhrung}
                                                  
I've inserted something that you may have forgotten.
(See the <inserted text> above.)
With luck, this will get me unwedged. But if you
really didn't forget anything, try typing `2' now; then
my insertion and my current dilemma will both disappear.

./Automatisierung.tex:406: Display math should end with $$.
<to be read again> 
                   \vskip 
l.406 ...llung von Bodediagrammen - Durchf√ºhrung}
                                                  
The `$' that I just saw supposedly matches a previous `$$'.
So I shall assume that you typed `$$' both times.

[7]
./Automatisierung.tex:427: Missing $ inserted.
<inserted text> 
                $
l.427 ...ss es eine rechte Polstelle gibt \implies
                                                   das System ist nicht phas...
I've inserted a begin-math/end-math symbol since I think
you left one out. Proceed, with fingers crossed.

./Automatisierung.tex:428: Missing $ inserted.
<inserted text> 
                $
l.428 
      
I've inserted a begin-math/end-math symbol since I think
you left one out. Proceed, with fingers crossed.

[8]
./Automatisierung.tex:453: Missing $ inserted.
<inserted text> 
                $
l.453 ...ction*{3.8.8 Lead-Glied (PD-T_{1}-Glied)}
                                                  
I've inserted a begin-math/end-math symbol since I think
you left one out. Proceed, with fingers crossed.

./Automatisierung.tex:453: Missing $ inserted.
<inserted text> 
                $
l.453 ...ction*{3.8.8 Lead-Glied (PD-T_{1}-Glied)}
                                                  
I've inserted a begin-math/end-math symbol since I think
you left one out. Proceed, with fingers crossed.

[9]

./Automatisierung.tex:500: LaTeX Error: Environment iteimize undefined.

See the LaTeX manual or LaTeX Companion for explanation.
Type  H <return>  for immediate help.
 ...                                              
                                                  
l.500 \begin{iteimize}
                      
Your command was ignored.
Type  I <command> <return>  to replace it with another command,
or  <return>  to continue without it.


./Automatisierung.tex:503: LaTeX Error: \begin{equation*} on input line 392 ended by \end{iteimize}.

See the LaTeX manual or LaTeX Companion for explanation.
Type  H <return>  for immediate help.
 ...                                              
                                                  
l.503 \end{iteimize}
                    
Your command was ignored.
Type  I <command> <return>  to replace it with another command,
or  <return>  to continue without it.

[10]
./Automatisierung.tex:538: Undefined control sequence.
l.538     \item 2) $T_{r,y}(I\oemga
                                   )=1$
The control sequence at the end of the top line
of your error message was never \def'ed. If you have
misspelled it (e.g., `\hobx'), type `I' and the correct
spelling (e.g., `I\hbox'). Otherwise just continue,
and I'll forget about whatever was undefined.

./Automatisierung.tex:548: Undefined control sequence.
l.548     \item 2) $\|T_{r,y}(I\oemga
                                     )\|\ll1$
The control sequence at the end of the top line
of your error message was never \def'ed. If you have
misspelled it (e.g., `\hobx'), type `I' and the correct
spelling (e.g., `I\hbox'). Otherwise just continue,
and I'll forget about whatever was undefined.

./Automatisierung.tex:553: Undefined control sequence.
<argument> \DeltaG 
                   
l.553 ...s))-R(s)G(s)}{R(s)G(s)}=\frac{\DeltaG}{G}
                                                   \]
The control sequence at the end of the top line
of your error message was never \def'ed. If you have
misspelled it (e.g., `\hobx'), type `I' and the correct
spelling (e.g., `I\hbox'). Otherwise just continue,
and I'll forget about whatever was undefined.

./Automatisierung.tex:566: Undefined control sequence.
l.566 \[ R_{d}(s)=\frac{G_{d}(s)}{G(s)}\imples
                                               T_{dy}(s)=0 \text{\ldots dies...
The control sequence at the end of the top line
of your error message was never \def'ed. If you have
misspelled it (e.g., `\hobx'), type `I' and the correct
spelling (e.g., `I\hbox'). Otherwise just continue,
and I'll forget about whatever was undefined.

[11] [12]
./Automatisierung.tex:651: Extra }, or forgotten $.
\cc@@accent ...ef \cc@nuc {#2}\fi \kern \cc@skew }
                                                  \kern -\cc@skew \kern \cc@wd 
l.651 \[ I \dot\dot
                   \phi M_{el}-M_{L}=k_{A}i_{A}-M_{L} \]
I've deleted a group-closing symbol because it seems to be
spurious, as in `$x}$'. But perhaps the } is legitimate and
you forgot something else, as in `\hbox{$x}'. In such cases
the way to recover is to insert both the forgotten and the
deleted material, e.g., by typing `I$}'.

./Automatisierung.tex:651: Extra }, or forgotten $.
\cc@palette ...>\mathchoice {#1\displaystyle {#2}}
                                                  {#1\textstyle {#2}}{#1\scr...
l.651 \[ I \dot\dot
                   \phi M_{el}-M_{L}=k_{A}i_{A}-M_{L} \]
I've deleted a group-closing symbol because it seems to be
spurious, as in `$x}$'. But perhaps the } is legitimate and
you forgot something else, as in `\hbox{$x}'. In such cases
the way to recover is to insert both the forgotten and the
deleted material, e.g., by typing `I$}'.

./Automatisierung.tex:651: Extra }, or forgotten $.
\cc@@accent ...ef \cc@nuc {#2}\fi \kern \cc@skew }
                                                  \kern -\cc@skew \kern \cc@wd 
l.651 \[ I \dot\dot
                   \phi M_{el}-M_{L}=k_{A}i_{A}-M_{L} \]
I've deleted a group-closing symbol because it seems to be
spurious, as in `$x}$'. But perhaps the } is legitimate and
you forgot something else, as in `\hbox{$x}'. In such cases
the way to recover is to insert both the forgotten and the
deleted material, e.g., by typing `I$}'.

./Automatisierung.tex:651: Extra }, or forgotten $.
\cc@palette ...splaystyle {#2}}{#1\textstyle {#2}}
                                                  {#1\scriptstyle {#2}}{#1\s...
l.651 \[ I \dot\dot
                   \phi M_{el}-M_{L}=k_{A}i_{A}-M_{L} \]
I've deleted a group-closing symbol because it seems to be
spurious, as in `$x}$'. But perhaps the } is legitimate and
you forgot something else, as in `\hbox{$x}'. In such cases
the way to recover is to insert both the forgotten and the
deleted material, e.g., by typing `I$}'.

./Automatisierung.tex:651: Extra }, or forgotten $.
\cc@@accent ...ef \cc@nuc {#2}\fi \kern \cc@skew }
                                                  \kern -\cc@skew \kern \cc@wd 
l.651 \[ I \dot\dot
                   \phi M_{el}-M_{L}=k_{A}i_{A}-M_{L} \]
I've deleted a group-closing symbol because it seems to be
spurious, as in `$x}$'. But perhaps the } is legitimate and
you forgot something else, as in `\hbox{$x}'. In such cases
the way to recover is to insert both the forgotten and the
deleted material, e.g., by typing `I$}'.

./Automatisierung.tex:651: Extra }, or forgotten $.
\cc@palette ...extstyle {#2}}{#1\scriptstyle {#2}}
                                                  {#1\scriptscriptstyle {#2}}
l.651 \[ I \dot\dot
                   \phi M_{el}-M_{L}=k_{A}i_{A}-M_{L} \]
I've deleted a group-closing symbol because it seems to be
spurious, as in `$x}$'. But perhaps the } is legitimate and
you forgot something else, as in `\hbox{$x}'. In such cases
the way to recover is to insert both the forgotten and the
deleted material, e.g., by typing `I$}'.

./Automatisierung.tex:651: Extra }, or forgotten $.
\cc@@accent ...ef \cc@nuc {#2}\fi \kern \cc@skew }
                                                  \kern -\cc@skew \kern \cc@wd 
l.651 \[ I \dot\dot
                   \phi M_{el}-M_{L}=k_{A}i_{A}-M_{L} \]
I've deleted a group-closing symbol because it seems to be
spurious, as in `$x}$'. But perhaps the } is legitimate and
you forgot something else, as in `\hbox{$x}'. In such cases
the way to recover is to insert both the forgotten and the
deleted material, e.g., by typing `I$}'.

./Automatisierung.tex:651: Extra }, or forgotten $.
\cc@palette ...le {#2}}{#1\scriptscriptstyle {#2}}
                                                  
l.651 \[ I \dot\dot
                   \phi M_{el}-M_{L}=k_{A}i_{A}-M_{L} \]
I've deleted a group-closing symbol because it seems to be
spurious, as in `$x}$'. But perhaps the } is legitimate and
you forgot something else, as in `\hbox{$x}'. In such cases
the way to recover is to insert both the forgotten and the
deleted material, e.g., by typing `I$}'.

./Automatisierung.tex:651: Missing $ inserted.
<inserted text> 
                $
l.651 \[ I \dot\dot
                   \phi M_{el}-M_{L}=k_{A}i_{A}-M_{L} \]
I've inserted something that you may have forgotten.
(See the <inserted text> above.)
With luck, this will get me unwedged. But if you
really didn't forget anything, try typing `2' now; then
my insertion and my current dilemma will both disappear.

./Automatisierung.tex:651: Missing $ inserted.
<inserted text> 
                $
l.651 \[ I \dot\dot\phi
                        M_{el}-M_{L}=k_{A}i_{A}-M_{L} \]
I've inserted a begin-math/end-math symbol since I think
you left one out. Proceed, with fingers crossed.

./Automatisierung.tex:651: Missing $ inserted.
<inserted text> 
                $
l.651 ...\dot\phi M_{el}-M_{L}=k_{A}i_{A}-M_{L} \]
                                                  
I've inserted something that you may have forgotten.
(See the <inserted text> above.)
With luck, this will get me unwedged. But if you
really didn't forget anything, try typing `2' now; then
my insertion and my current dilemma will both disappear.

./Automatisierung.tex:651: Missing } inserted.
<inserted text> 
                }
l.651 ...\dot\phi M_{el}-M_{L}=k_{A}i_{A}-M_{L} \]
                                                  
I've inserted something that you may have forgotten.
(See the <inserted text> above.)
With luck, this will get me unwedged. But if you
really didn't forget anything, try typing `2' now; then
my insertion and my current dilemma will both disappear.

./Automatisierung.tex:651: Missing } inserted.
<inserted text> 
                }
l.651 ...\dot\phi M_{el}-M_{L}=k_{A}i_{A}-M_{L} \]
                                                  
I've inserted something that you may have forgotten.
(See the <inserted text> above.)
With luck, this will get me unwedged. But if you
really didn't forget anything, try typing `2' now; then
my insertion and my current dilemma will both disappear.

./Automatisierung.tex:651: Missing } inserted.
<inserted text> 
                }
l.651 ...\dot\phi M_{el}-M_{L}=k_{A}i_{A}-M_{L} \]
                                                  
I've inserted something that you may have forgotten.
(See the <inserted text> above.)
With luck, this will get me unwedged. But if you
really didn't forget anything, try typing `2' now; then
my insertion and my current dilemma will both disappear.

./Automatisierung.tex:651: Missing $ inserted.
<inserted text> 
                $
l.651 ...\dot\phi M_{el}-M_{L}=k_{A}i_{A}-M_{L} \]
                                                  
I've inserted something that you may have forgotten.
(See the <inserted text> above.)
With luck, this will get me unwedged. But if you
really didn't forget anything, try typing `2' now; then
my insertion and my current dilemma will both disappear.

./Automatisierung.tex:652: Missing $ inserted.
<inserted text> 
                $
l.652 \[ \dot\phi
                 =\omega \]
I've inserted a begin-math/end-math symbol since I think
you left one out. Proceed, with fingers crossed.

./Automatisierung.tex:652: Missing $ inserted.
<inserted text> 
                $
l.652 \[ \dot\phi=\omega \]
                           
I've inserted something that you may have forgotten.
(See the <inserted text> above.)
With luck, this will get me unwedged. But if you
really didn't forget anything, try typing `2' now; then
my insertion and my current dilemma will both disappear.

./Automatisierung.tex:653: Missing $ inserted.
<inserted text> 
                $
l.653 \[ \dot\omega
                   =\frac{k_{A}}{I}i_{A}-\frac{1}{I}M_{L} \]
I've inserted a begin-math/end-math symbol since I think
you left one out. Proceed, with fingers crossed.

./Automatisierung.tex:653: Missing $ inserted.
<inserted text> 
                $
l.653 ...=\frac{k_{A}}{I}i_{A}-\frac{1}{I}M_{L} \]
                                                  
I've inserted something that you may have forgotten.
(See the <inserted text> above.)
With luck, this will get me unwedged. But if you
really didn't forget anything, try typing `2' now; then
my insertion and my current dilemma will both disappear.


./Automatisierung.tex:662: LaTeX Error: Something's wrong--perhaps a missing \item.

See the LaTeX manual or LaTeX Companion for explanation.
Type  H <return>  for immediate help.
 ...                                              
                                                  
l.662 \subsection
                 *{Beispiel 4.1}
Try typing  <return>  to proceed.
If that doesn't work, type  X <return>  to quit.


./Automatisierung.tex:662: LaTeX Error: Something's wrong--perhaps a missing \item.

See the LaTeX manual or LaTeX Companion for explanation.
Type  H <return>  for immediate help.
 ...                                              
                                                  
l.662 \subsection
                 *{Beispiel 4.1}
Try typing  <return>  to proceed.
If that doesn't work, type  X <return>  to quit.

./Automatisierung.tex:662: Missing } inserted.
<inserted text> 
                }
l.662 \subsection*{Beispiel 4.1}
                                
I've inserted something that you may have forgotten.
(See the <inserted text> above.)
With luck, this will get me unwedged. But if you
really didn't forget anything, try typing `2' now; then
my insertion and my current dilemma will both disappear.

./Automatisierung.tex:662: Missing $ inserted.
<inserted text> 
                $
l.662 \subsection*{Beispiel 4.1}
                                
I've inserted a begin-math/end-math symbol since I think
you left one out. Proceed, with fingers crossed.

./Automatisierung.tex:662: Missing } inserted.
<inserted text> 
                }
l.662 \subsection*{Beispiel 4.1}
                                
I've inserted something that you may have forgotten.
(See the <inserted text> above.)
With luck, this will get me unwedged. But if you
really didn't forget anything, try typing `2' now; then
my insertion and my current dilemma will both disappear.

./Automatisierung.tex:662: Missing } inserted.
<inserted text> 
                }
l.662 \subsection*{Beispiel 4.1}
                                
I've inserted something that you may have forgotten.
(See the <inserted text> above.)
With luck, this will get me unwedged. But if you
really didn't forget anything, try typing `2' now; then
my insertion and my current dilemma will both disappear.

./Automatisierung.tex:662: Missing \endgroup inserted.
<inserted text> 
                \endgroup 
l.662 \subsection*{Beispiel 4.1}
                                
I've inserted something that you may have forgotten.
(See the <inserted text> above.)
With luck, this will get me unwedged. But if you
really didn't forget anything, try typing `2' now; then
my insertion and my current dilemma will both disappear.

./Automatisierung.tex:662: Missing } inserted.
<inserted text> 
                }
l.662 \subsection*{Beispiel 4.1}
                                
I've inserted something that you may have forgotten.
(See the <inserted text> above.)
With luck, this will get me unwedged. But if you
really didn't forget anything, try typing `2' now; then
my insertion and my current dilemma will both disappear.

./Automatisierung.tex:662: Missing $ inserted.
<inserted text> 
                $
l.662 \subsection*{Beispiel 4.1}
                                
I've inserted a begin-math/end-math symbol since I think
you left one out. Proceed, with fingers crossed.

./Automatisierung.tex:662: Missing } inserted.
<inserted text> 
                }
l.662 \subsection*{Beispiel 4.1}
                                
I've inserted something that you may have forgotten.
(See the <inserted text> above.)
With luck, this will get me unwedged. But if you
really didn't forget anything, try typing `2' now; then
my insertion and my current dilemma will both disappear.

./Automatisierung.tex:662: Missing } inserted.
<inserted text> 
                }
l.662 \subsection*{Beispiel 4.1}
                                
I've inserted something that you may have forgotten.
(See the <inserted text> above.)
With luck, this will get me unwedged. But if you
really didn't forget anything, try typing `2' now; then
my insertion and my current dilemma will both disappear.

./Automatisierung.tex:662: Missing \endgroup inserted.
<inserted text> 
                \endgroup 
l.662 \subsection*{Beispiel 4.1}
                                
I've inserted something that you may have forgotten.
(See the <inserted text> above.)
With luck, this will get me unwedged. But if you
really didn't forget anything, try typing `2' now; then
my insertion and my current dilemma will both disappear.

./Automatisierung.tex:662: Missing } inserted.
<inserted text> 
                }
l.662 \subsection*{Beispiel 4.1}
                                
I've inserted something that you may have forgotten.
(See the <inserted text> above.)
With luck, this will get me unwedged. But if you
really didn't forget anything, try typing `2' now; then
my insertion and my current dilemma will both disappear.

./Automatisierung.tex:662: Missing $ inserted.
<inserted text> 
                $
l.662 \subsection*{Beispiel 4.1}
                                
I've inserted a begin-math/end-math symbol since I think
you left one out. Proceed, with fingers crossed.

./Automatisierung.tex:662: Missing } inserted.
<inserted text> 
                }
l.662 \subsection*{Beispiel 4.1}
                                
I've inserted something that you may have forgotten.
(See the <inserted text> above.)
With luck, this will get me unwedged. But if you
really didn't forget anything, try typing `2' now; then
my insertion and my current dilemma will both disappear.

./Automatisierung.tex:662: Missing } inserted.
<inserted text> 
                }
l.662 \subsection*{Beispiel 4.1}
                                
I've inserted something that you may have forgotten.
(See the <inserted text> above.)
With luck, this will get me unwedged. But if you
really didn't forget anything, try typing `2' now; then
my insertion and my current dilemma will both disappear.

./Automatisierung.tex:662: Missing { inserted.
<to be read again> 
                   $
l.662 \subsection*{Beispiel 4.1}
                                
A left brace was mandatory here, so I've put one in.
You might want to delete and/or insert some corrections
so that I will find a matching right brace soon.
(If you're confused by all this, try typing `I}' now.)

./Automatisierung.tex:662: Missing } inserted.
<inserted text> 
                }
l.662 \subsection*{Beispiel 4.1}
                                
I've inserted something that you may have forgotten.
(See the <inserted text> above.)
With luck, this will get me unwedged. But if you
really didn't forget anything, try typing `2' now; then
my insertion and my current dilemma will both disappear.

./Automatisierung.tex:662: Missing { inserted.
<to be read again> 
                   $
l.662 \subsection*{Beispiel 4.1}
                                
A left brace was mandatory here, so I've put one in.
You might want to delete and/or insert some corrections
so that I will find a matching right brace soon.
(If you're confused by all this, try typing `I}' now.)

./Automatisierung.tex:662: Missing } inserted.
<inserted text> 
                }
l.662 \subsection*{Beispiel 4.1}
                                
I've inserted something that you may have forgotten.
(See the <inserted text> above.)
With luck, this will get me unwedged. But if you
really didn't forget anything, try typing `2' now; then
my insertion and my current dilemma will both disappear.

./Automatisierung.tex:662: Missing { inserted.
<to be read again> 
                   $
l.662 \subsection*{Beispiel 4.1}
                                
A left brace was mandatory here, so I've put one in.
You might want to delete and/or insert some corrections
so that I will find a matching right brace soon.
(If you're confused by all this, try typing `I}' now.)

./Automatisierung.tex:662: Missing } inserted.
<inserted text> 
                }
l.662 \subsection*{Beispiel 4.1}
                                
I've inserted something that you may have forgotten.
(See the <inserted text> above.)
With luck, this will get me unwedged. But if you
really didn't forget anything, try typing `2' now; then
my insertion and my current dilemma will both disappear.

./Automatisierung.tex:662: Missing \endgroup inserted.
<inserted text> 
                \endgroup 
l.662 \subsection*{Beispiel 4.1}
                                
I've inserted something that you may have forgotten.
(See the <inserted text> above.)
With luck, this will get me unwedged. But if you
really didn't forget anything, try typing `2' now; then
my insertion and my current dilemma will both disappear.

./Automatisierung.tex:662: Display math should end with $$.
<to be read again> 
                   \vskip 
l.662 \subsection*{Beispiel 4.1}
                                
The `$' that I just saw supposedly matches a previous `$$'.
So I shall assume that you typed `$$' both times.


./Automatisierung.tex:695: LaTeX Error: Environment iteimize undefined.

See the LaTeX manual or LaTeX Companion for explanation.
Type  H <return>  for immediate help.
 ...                                              
                                                  
l.695 \begin{iteimize}
                      
Your command was ignored.
Type  I <command> <return>  to replace it with another command,
or  <return>  to continue without it.

[13]

./Automatisierung.tex:696: LaTeX Error: Lonely \item--perhaps a missing list environment.

See the LaTeX manual or LaTeX Companion for explanation.
Type  H <return>  for immediate help.
 ...                                              
                                                  
l.696 \item P
             (-\infty): Pfeil dreht sich im Uhrzeigersinn und stoppt bei $-\...
Try typing  <return>  to proceed.
If that doesn't work, type  X <return>  to quit.


Underfull \hbox (badness 10000) detected at line 696
[][]
 []

./Automatisierung.tex:696: Missing $ inserted.
<inserted text> 
                $
l.696 \item P(-\infty
                     ): Pfeil dreht sich im Uhrzeigersinn und stoppt bei $-\...
I've inserted a begin-math/end-math symbol since I think
you left one out. Proceed, with fingers crossed.

./Automatisierung.tex:696: Missing $ inserted.
<inserted text> 
                $
l.696 ...eigersinn und stoppt bei $-\frac{3\pi}{2}
                                                  $
I've inserted a begin-math/end-math symbol since I think
you left one out. Proceed, with fingers crossed.

./Automatisierung.tex:696: Missing $ inserted.
<inserted text> 
                $
l.696 ...eigersinn und stoppt bei $-\frac{3\pi}{2}
                                                  $
I've inserted something that you may have forgotten.
(See the <inserted text> above.)
With luck, this will get me unwedged. But if you
really didn't forget anything, try typing `2' now; then
my insertion and my current dilemma will both disappear.

./Automatisierung.tex:696: Missing $ inserted.
<inserted text> 
                $
l.696 ...eigersinn und stoppt bei $-\frac{3\pi}{2}
                                                  $
I've inserted a begin-math/end-math symbol since I think
you left one out. Proceed, with fingers crossed.

./Automatisierung.tex:696: Extra }, or forgotten $.
\frac  #1#2->{\begingroup #1\endgroup \@@over #2}
                                                 
l.696 ...eigersinn und stoppt bei $-\frac{3\pi}{2}
                                                  $
I've deleted a group-closing symbol because it seems to be
spurious, as in `$x}$'. But perhaps the } is legitimate and
you forgot something else, as in `\hbox{$x}'. In such cases
the way to recover is to insert both the forgotten and the
deleted material, e.g., by typing `I$}'.


./Automatisierung.tex:697: LaTeX Error: Lonely \item--perhaps a missing list environment.

See the LaTeX manual or LaTeX Companion for explanation.
Type  H <return>  for immediate help.
 ...                                              
                                                  
l.697 \item P
             (-0)->P(+0): wird nicht gez√§hlt,  da ein Sprung nicht stetig ist
Try typing  <return>  to proceed.
If that doesn't work, type  X <return>  to quit.


Underfull \hbox (badness 10000) detected at line 697
[][]
 []


./Automatisierung.tex:698: LaTeX Error: Lonely \item--perhaps a missing list environment.

See the LaTeX manual or LaTeX Companion for explanation.
Type  H <return>  for immediate help.
 ...                                              
                                                  
l.698 \item P
             (+0)->P(+\infty): Pfeil dreht sich im Uhrzeigersinn und stoppt ...
Try typing  <return>  to proceed.
If that doesn't work, type  X <return>  to quit.


Underfull \hbox (badness 10000) detected at line 698
[][]
 []

./Automatisierung.tex:698: Missing $ inserted.
<inserted text> 
                $
l.698 \item P(+0)->P(+\infty
                            ): Pfeil dreht sich im Uhrzeigersinn und stoppt ...
I've inserted a begin-math/end-math symbol since I think
you left one out. Proceed, with fingers crossed.

./Automatisierung.tex:698: Missing $ inserted.
<inserted text> 
                $
l.698 ...eigersinn und stoppt bei $-\frac{3\pi}{2}
                                                  $
I've inserted a begin-math/end-math symbol since I think
you left one out. Proceed, with fingers crossed.

./Automatisierung.tex:698: Missing $ inserted.
<inserted text> 
                $
l.698 ...eigersinn und stoppt bei $-\frac{3\pi}{2}
                                                  $
I've inserted something that you may have forgotten.
(See the <inserted text> above.)
With luck, this will get me unwedged. But if you
really didn't forget anything, try typing `2' now; then
my insertion and my current dilemma will both disappear.

./Automatisierung.tex:698: Missing $ inserted.
<inserted text> 
                $
l.698 ...eigersinn und stoppt bei $-\frac{3\pi}{2}
                                                  $
I've inserted a begin-math/end-math symbol since I think
you left one out. Proceed, with fingers crossed.

./Automatisierung.tex:698: Extra }, or forgotten $.
\frac  #1#2->{\begingroup #1\endgroup \@@over #2}
                                                 
l.698 ...eigersinn und stoppt bei $-\frac{3\pi}{2}
                                                  $
I've deleted a group-closing symbol because it seems to be
spurious, as in `$x}$'. But perhaps the } is legitimate and
you forgot something else, as in `\hbox{$x}'. In such cases
the way to recover is to insert both the forgotten and the
deleted material, e.g., by typing `I$}'.


./Automatisierung.tex:699: LaTeX Error: \begin{equation*} on input line 651 ended by \end{iteimize}.

See the LaTeX manual or LaTeX Companion for explanation.
Type  H <return>  for immediate help.
 ...                                              
                                                  
l.699 \end{iteimize}
                    
Your command was ignored.
Type  I <command> <return>  to replace it with another command,
or  <return>  to continue without it.

./Automatisierung.tex:699: Missing } inserted.
<inserted text> 
                }
l.699 \end{iteimize}
                    
I've inserted something that you may have forgotten.
(See the <inserted text> above.)
With luck, this will get me unwedged. But if you
really didn't forget anything, try typing `2' now; then
my insertion and my current dilemma will both disappear.

./Automatisierung.tex:699: Missing } inserted.
<inserted text> 
                }
l.699 \end{iteimize}
                    
I've inserted something that you may have forgotten.
(See the <inserted text> above.)
With luck, this will get me unwedged. But if you
really didn't forget anything, try typing `2' now; then
my insertion and my current dilemma will both disappear.


./Automatisierung.tex:720: LaTeX Error: \begin{equation*} on input line 651 ended by \end{document}.

See the LaTeX manual or LaTeX Companion for explanation.
Type  H <return>  for immediate help.
 ...                                              
                                                  
l.720 \end{document}
                    
Your command was ignored.
Type  I <command> <return>  to replace it with another command,
or  <return>  to continue without it.

[14] (./Automatisierung.aux) )
(\end occurred inside a group at level 2)

### semi simple group (level 2) entered at line 651 (\begingroup)
### semi simple group (level 1) entered at line 392 (\begingroup)
### bottom level 
Here is how much of TeX's memory you used:
 6271 strings out of 476091
 98828 string characters out of 5794080
 1868330 words of memory out of 5000000
 26528 multiletter control sequences out of 15000+600000
 528423 words of font info for 76 fonts, out of 8000000 for 9000
 1141 hyphenation exceptions out of 8191
 72i,17n,76p,547b,271s stack positions out of 10000i,1000n,20000p,200000b,200000s
{/usr/share/texmf/fonts/enc/dvips/cm-super/cm-super-ts1.enc}{/usr/share/texmf/fonts/enc/dvips/cm-super/cm-super-t1.enc}</usr/share/texlive/texmf-dist/fonts/type1/public/amsfonts/cm/cmbx10.pfb></usr/share/texlive/texmf-dist/fonts/type1/public/amsfonts/cm/cmex10.pfb></usr/share/texlive/texmf-dist/fonts/type1/public/amsfonts/cm/cmmi10.pfb></usr/share/texlive/texmf-dist/fonts/type1/public/amsfonts/cm/cmmi12.pfb></usr/share/texlive/texmf-dist/fonts/type1/public/amsfonts/cm/cmmi5.pfb></usr/share/texlive/texmf-dist/fonts/type1/public/amsfonts/cm/cmmi7.pfb></usr/share/texlive/texmf-dist/fonts/type1/public/amsfonts/cm/cmr10.pfb></usr/share/texlive/texmf-dist/fonts/type1/public/amsfonts/cm/cmr12.pfb></usr/share/texlive/texmf-dist/fonts/type1/public/amsfonts/cm/cmr5.pfb></usr/share/texlive/texmf-dist/fonts/type1/public/amsfonts/cm/cmr7.pfb></usr/share/texlive/texmf-dist/fonts/type1/public/amsfonts/cm/cmr8.pfb></usr/share/texlive/texmf-dist/fonts/type1/public/amsfonts/cm/cmsy10.pfb></usr/share/texlive/texmf-dist/fonts/type1/public/amsfonts/cm/cmsy7.pfb></usr/share/texlive/texmf-dist/fonts/type1/public/amsfonts/symbols/msbm10.pfb></usr/share/texmf/fonts/type1/public/cm-super/sfbx1000.pfb></usr/share/texmf/fonts/type1/public/cm-super/sfbx1200.pfb></usr/share/texmf/fonts/type1/public/cm-super/sfbx1440.pfb></usr/share/texmf/fonts/type1/public/cm-super/sfrm1000.pfb></usr/share/texmf/fonts/type1/public/cm-super/sfrm1200.pfb></usr/share/texmf/fonts/type1/public/cm-super/sfrm1728.pfb>
Output written on Automatisierung.pdf (14 pages, 323682 bytes).
PDF statistics:
 155 PDF objects out of 1000 (max. 8388607)
 97 compressed objects within 1 object stream
 0 named destinations out of 1000 (max. 500000)
 1 words of extra memory for PDF output out of 10000 (max. 10000000)

