This is pdfTeX, Version 3.141592653-2.6-1.40.24 (TeX Live 2022/Debian) (preloaded format=pdflatex 2023.10.17)  9 NOV 2023 14:22
entering extended mode
 restricted \write18 enabled.
 file:line:error style messages enabled.
 %&-line parsing enabled.
**Photonik.tex
(./Photonik.tex
LaTeX2e <2022-11-01> patch level 1
L3 programming layer <2023-01-16> (/usr/share/texlive/texmf-dist/tex/latex/base/article.cls
Document Class: article 2022/07/02 v1.4n Standard LaTeX document class
(/usr/share/texlive/texmf-dist/tex/latex/base/size10.clo
File: size10.clo 2022/07/02 v1.4n Standard LaTeX file (size option)
)
\c@part=\count185
\c@section=\count186
\c@subsection=\count187
\c@subsubsection=\count188
\c@paragraph=\count189
\c@subparagraph=\count190
\c@figure=\count191
\c@table=\count192
\abovecaptionskip=\skip48
\belowcaptionskip=\skip49
\bibindent=\dimen140
) (/usr/share/texlive/texmf-dist/tex/latex/base/inputenc.sty
Package: inputenc 2021/02/14 v1.3d Input encoding file
\inpenc@prehook=\toks16
\inpenc@posthook=\toks17
) (/usr/share/texlive/texmf-dist/tex/latex/base/fontenc.sty
Package: fontenc 2021/04/29 v2.0v Standard LaTeX package
) (/usr/share/texlive/texmf-dist/tex/latex/base/textcomp.sty
Package: textcomp 2020/02/02 v2.0n Standard LaTeX package
) (/usr/share/texlive/texmf-dist/tex/generic/babel/babel.sty
Package: babel 2022/12/26 3.84 The Babel package
\babel@savecnt=\count193
\U@D=\dimen141
\l@unhyphenated=\language87
 (/usr/share/texlive/texmf-dist/tex/generic/babel/txtbabel.def)
\bbl@readstream=\read2
\bbl@dirlevel=\count194
 (/usr/share/texlive/texmf-dist/tex/generic/babel-german/german.ldf
Language: german 2021/02/27 v2.13 German support for babel (pre-1996 orthography)
 (/usr/share/texlive/texmf-dist/tex/generic/babel-german/germanb.ldf
Language: germanb 2021/02/27 v2.13 German support for babel (pre-1996 orthography)
Package babel Info: Making " an active character on input line 139.
))) (/usr/share/texlive/texmf-dist/tex/generic/babel/locale/de/babel-german.tex
Package babel Info: Importing font and identification data for german
(babel)             from babel-de-1901.ini. Reported on input line 25.
) (/usr/share/texlive/texmf-dist/tex/latex/amsmath/amsmath.sty
Package: amsmath 2022/04/08 v2.17n AMS math features
\@mathmargin=\skip50

For additional information on amsmath, use the `?' option.
(/usr/share/texlive/texmf-dist/tex/latex/amsmath/amstext.sty
Package: amstext 2021/08/26 v2.01 AMS text
 (/usr/share/texlive/texmf-dist/tex/latex/amsmath/amsgen.sty
File: amsgen.sty 1999/11/30 v2.0 generic functions
\@emptytoks=\toks18
\ex@=\dimen142
)) (/usr/share/texlive/texmf-dist/tex/latex/amsmath/amsbsy.sty
Package: amsbsy 1999/11/29 v1.2d Bold Symbols
\pmbraise@=\dimen143
) (/usr/share/texlive/texmf-dist/tex/latex/amsmath/amsopn.sty
Package: amsopn 2022/04/08 v2.04 operator names
)
\inf@bad=\count195
LaTeX Info: Redefining \frac on input line 234.
\uproot@=\count196
\leftroot@=\count197
LaTeX Info: Redefining \overline on input line 399.
LaTeX Info: Redefining \colon on input line 410.
\classnum@=\count198
\DOTSCASE@=\count199
LaTeX Info: Redefining \ldots on input line 496.
LaTeX Info: Redefining \dots on input line 499.
LaTeX Info: Redefining \cdots on input line 620.
\Mathstrutbox@=\box51
\strutbox@=\box52
LaTeX Info: Redefining \big on input line 722.
LaTeX Info: Redefining \Big on input line 723.
LaTeX Info: Redefining \bigg on input line 724.
LaTeX Info: Redefining \Bigg on input line 725.
\big@size=\dimen144
LaTeX Font Info:    Redeclaring font encoding OML on input line 743.
LaTeX Font Info:    Redeclaring font encoding OMS on input line 744.
\macc@depth=\count266
LaTeX Info: Redefining \bmod on input line 905.
LaTeX Info: Redefining \pmod on input line 910.
LaTeX Info: Redefining \smash on input line 940.
LaTeX Info: Redefining \relbar on input line 970.
LaTeX Info: Redefining \Relbar on input line 971.
\c@MaxMatrixCols=\count267
\dotsspace@=\muskip16
\c@parentequation=\count268
\dspbrk@lvl=\count269
\tag@help=\toks19
\row@=\count270
\column@=\count271
\maxfields@=\count272
\andhelp@=\toks20
\eqnshift@=\dimen145
\alignsep@=\dimen146
\tagshift@=\dimen147
\tagwidth@=\dimen148
\totwidth@=\dimen149
\lineht@=\dimen150
\@envbody=\toks21
\multlinegap=\skip51
\multlinetaggap=\skip52
\mathdisplay@stack=\toks22
LaTeX Info: Redefining \[ on input line 2953.
LaTeX Info: Redefining \] on input line 2954.
) (/usr/share/texlive/texmf-dist/tex/latex/amsfonts/amssymb.sty
Package: amssymb 2013/01/14 v3.01 AMS font symbols
 (/usr/share/texlive/texmf-dist/tex/latex/amsfonts/amsfonts.sty
Package: amsfonts 2013/01/14 v3.01 Basic AMSFonts support
\symAMSa=\mathgroup4
\symAMSb=\mathgroup5
LaTeX Font Info:    Redeclaring math symbol \hbar on input line 98.
LaTeX Font Info:    Overwriting math alphabet `\mathfrak' in version `bold'
(Font)                  U/euf/m/n --> U/euf/b/n on input line 106.
)) (/usr/share/texlive/texmf-dist/tex/latex/import/import.sty
Package: import 2020/04/01  v 6.2
) (/usr/share/texlive/texmf-dist/tex/latex/xifthen/xifthen.sty
Package: xifthen 2015/11/05 v1.4.0 Extended ifthen features
 (/usr/share/texlive/texmf-dist/tex/latex/tools/calc.sty
Package: calc 2017/05/25 v4.3 Infix arithmetic (KKT,FJ)
\calc@Acount=\count273
\calc@Bcount=\count274
\calc@Adimen=\dimen151
\calc@Bdimen=\dimen152
\calc@Askip=\skip53
\calc@Bskip=\skip54
LaTeX Info: Redefining \setlength on input line 80.
LaTeX Info: Redefining \addtolength on input line 81.
\calc@Ccount=\count275
\calc@Cskip=\skip55
) (/usr/share/texlive/texmf-dist/tex/latex/base/ifthen.sty
Package: ifthen 2022/04/13 v1.1d Standard LaTeX ifthen package (DPC)
) (/usr/share/texlive/texmf-dist/tex/latex/ifmtarg/ifmtarg.sty
Package: ifmtarg 2018/04/16 v1.2b check for an empty argument
)) (/usr/share/texlive/texmf-dist/tex/latex/pdfpages/pdfpages.sty
Package: pdfpages 2022/12/19 v0.5x Insert pages of external PDF documents (AM)
 (/usr/share/texlive/texmf-dist/tex/latex/eso-pic/eso-pic.sty
Package: eso-pic 2020/10/14 v3.0a eso-pic (RN)
\ESO@tempdima=\dimen153
\ESO@tempdimb=\dimen154
 (/usr/share/texlive/texmf-dist/tex/latex/graphics/keyval.sty
Package: keyval 2022/05/29 v1.15 key=value parser (DPC)
\KV@toks@=\toks23
) (/usr/share/texlive/texmf-dist/tex/latex/xcolor/xcolor.sty
Package: xcolor 2022/06/12 v2.14 LaTeX color extensions (UK)
 (/usr/share/texlive/texmf-dist/tex/latex/graphics-cfg/color.cfg
File: color.cfg 2016/01/02 v1.6 sample color configuration
)
Package xcolor Info: Driver file: pdftex.def on input line 227.
 (/usr/share/texlive/texmf-dist/tex/latex/graphics-def/pdftex.def
File: pdftex.def 2022/09/22 v1.2b Graphics/color driver for pdftex
) (/usr/share/texlive/texmf-dist/tex/latex/graphics/mathcolor.ltx)
Package xcolor Info: Model `cmy' substituted by `cmy0' on input line 1353.
Package xcolor Info: Model `hsb' substituted by `rgb' on input line 1357.
Package xcolor Info: Model `RGB' extended on input line 1369.
Package xcolor Info: Model `HTML' substituted by `rgb' on input line 1371.
Package xcolor Info: Model `Hsb' substituted by `hsb' on input line 1372.
Package xcolor Info: Model `tHsb' substituted by `hsb' on input line 1373.
Package xcolor Info: Model `HSB' substituted by `hsb' on input line 1374.
Package xcolor Info: Model `Gray' substituted by `gray' on input line 1375.
Package xcolor Info: Model `wave' substituted by `hsb' on input line 1376.
)) (/usr/share/texlive/texmf-dist/tex/latex/graphics/graphicx.sty
Package: graphicx 2021/09/16 v1.2d Enhanced LaTeX Graphics (DPC,SPQR)
 (/usr/share/texlive/texmf-dist/tex/latex/graphics/graphics.sty
Package: graphics 2022/03/10 v1.4e Standard LaTeX Graphics (DPC,SPQR)
 (/usr/share/texlive/texmf-dist/tex/latex/graphics/trig.sty
Package: trig 2021/08/11 v1.11 sin cos tan (DPC)
) (/usr/share/texlive/texmf-dist/tex/latex/graphics-cfg/graphics.cfg
File: graphics.cfg 2016/06/04 v1.11 sample graphics configuration
)
Package graphics Info: Driver file: pdftex.def on input line 107.
)
\Gin@req@height=\dimen155
\Gin@req@width=\dimen156
)
\AM@pagewidth=\dimen157
\AM@pageheight=\dimen158
\AM@fboxrule=\dimen159
 (/usr/share/texlive/texmf-dist/tex/latex/pdfpages/pppdftex.def
File: pppdftex.def 2022/12/19 v0.5x Pdfpages driver for pdfTeX (AM)
)
\pdfpages@includegraphics@status=\count276
\AM@pagebox=\box53
\AM@global@opts=\toks24
\AM@pagecnt=\count277
\AM@toc@title=\toks25
\AM@lof@heading=\toks26
\c@AM@survey=\count278
\AM@templatesizebox=\box54
) (/usr/share/texlive/texmf-dist/tex/latex/transparent/transparent.sty
Package: transparent 2022-10-27 v1.5 Transparency with color stacks
 (/usr/share/texlive/texmf-dist/tex/latex/transparent/transparent-nometadata.sty
Package: transparent-nometadata 2022-10-27 v1.5 Transparency via pdfTeX's color stack (HO)
 (/usr/share/texlive/texmf-dist/tex/generic/iftex/iftex.sty
Package: iftex 2022/02/03 v1.0f TeX engine tests
) (/usr/share/texlive/texmf-dist/tex/latex/auxhook/auxhook.sty
Package: auxhook 2019-12-17 v1.6 Hooks for auxiliary files (HO)
))) (/usr/share/texlive/texmf-dist/tex/latex/l3backend/l3backend-pdftex.def
File: l3backend-pdftex.def 2023-01-16 L3 backend support: PDF output (pdfTeX)
\l__color_backend_stack_int=\count279
\l__pdf_internal_box=\box55
) (./Photonik.aux)
\openout1 = `Photonik.aux'.

LaTeX Font Info:    Checking defaults for OML/cmm/m/it on input line 23.
LaTeX Font Info:    ... okay on input line 23.
LaTeX Font Info:    Checking defaults for OMS/cmsy/m/n on input line 23.
LaTeX Font Info:    ... okay on input line 23.
LaTeX Font Info:    Checking defaults for OT1/cmr/m/n on input line 23.
LaTeX Font Info:    ... okay on input line 23.
LaTeX Font Info:    Checking defaults for T1/cmr/m/n on input line 23.
LaTeX Font Info:    ... okay on input line 23.
LaTeX Font Info:    Checking defaults for TS1/cmr/m/n on input line 23.
LaTeX Font Info:    ... okay on input line 23.
LaTeX Font Info:    Checking defaults for OMX/cmex/m/n on input line 23.
LaTeX Font Info:    ... okay on input line 23.
LaTeX Font Info:    Checking defaults for U/cmr/m/n on input line 23.
LaTeX Font Info:    ... okay on input line 23.
 (/usr/share/texlive/texmf-dist/tex/context/base/mkii/supp-pdf.mkii
[Loading MPS to PDF converter (version 2006.09.02).]
\scratchcounter=\count280
\scratchdimen=\dimen160
\scratchbox=\box56
\nofMPsegments=\count281
\nofMParguments=\count282
\everyMPshowfont=\toks27
\MPscratchCnt=\count283
\MPscratchDim=\dimen161
\MPnumerator=\count284
\makeMPintoPDFobject=\count285
\everyMPtoPDFconversion=\toks28
) (/usr/share/texlive/texmf-dist/tex/latex/epstopdf-pkg/epstopdf-base.sty
Package: epstopdf-base 2020-01-24 v2.11 Base part for package epstopdf
Package epstopdf-base Info: Redefining graphics rule for `.eps' on input line 485.
 (/usr/share/texlive/texmf-dist/tex/latex/latexconfig/epstopdf-sys.cfg
File: epstopdf-sys.cfg 2010/07/13 v1.3 Configuration of (r)epstopdf for TeX Live
)) (/usr/share/texlive/texmf-dist/tex/latex/pdflscape/pdflscape.sty
Package: pdflscape 2022-10-27 v0.13 Display of landscape pages in PDF
 (/usr/share/texlive/texmf-dist/tex/latex/pdflscape/pdflscape-nometadata.sty
Package: pdflscape-nometadata 2022-10-28 v0.13 Display of landscape pages in PDF (HO)
 (/usr/share/texlive/texmf-dist/tex/latex/graphics/lscape.sty
Package: lscape 2020/05/28 v3.02 Landscape Pages (DPC)
)
Package pdflscape Info: Auto-detected driver: pdftex on input line 81.
))
LaTeX Font Info:    Trying to load font information for U+msa on input line 28.
 (/usr/share/texlive/texmf-dist/tex/latex/amsfonts/umsa.fd
File: umsa.fd 2013/01/14 v3.01 AMS symbols A
)
LaTeX Font Info:    Trying to load font information for U+msb on input line 28.
 (/usr/share/texlive/texmf-dist/tex/latex/amsfonts/umsb.fd
File: umsb.fd 2013/01/14 v3.01 AMS symbols B
)
Underfull \hbox (badness 10000) in paragraph at lines 36--40

 []

./Photonik.tex:48: Undefined control sequence.
l.48          $-j\vec k(\epsilon_0 \vec E+\veP
                                              )=0$  $\nabla $
The control sequence at the end of the top line
of your error message was never \def'ed. If you have
misspelled it (e.g., `\hobx'), type `I' and the correct
spelling (e.g., `I\hbox'). Otherwise just continue,
and I'll forget about whatever was undefined.

./Photonik.tex:49: Undefined control sequence.
l.49      \item 3) $\vec \nabla \x
                                   \vec H&= \delta \frac{D}{\delta t} \cross...
The control sequence at the end of the top line
of your error message was never \def'ed. If you have
misspelled it (e.g., `\hobx'), type `I' and the correct
spelling (e.g., `I\hbox'). Otherwise just continue,
and I'll forget about whatever was undefined.

./Photonik.tex:49: Misplaced alignment tab character &.
l.49      \item 3) $\vec \nabla \x \vec H&
                                          = \delta \frac{D}{\delta t} \cross...
I can't figure out why you would want to use a tab mark
here. If you just want an ampersand, the remedy is
simple: Just type `I\&' now. But if some right brace
up above has ended a previous alignment prematurely,
you're probably due for more error messages, and you
might try typing `S' now just to see what is salvageable.

./Photonik.tex:49: Undefined control sequence.
l.49 ...vec H&= \delta \frac{D}{\delta t} \crossed
                                                  {\vec J}$
The control sequence at the end of the top line
of your error message was never \def'ed. If you have
misspelled it (e.g., `\hobx'), type `I' and the correct
spelling (e.g., `I\hbox'). Otherwise just continue,
and I'll forget about whatever was undefined.

./Photonik.tex:50: Undefined control sequence.
l.50          $-j\vec k \x
                           \vec H = j\omega \vec D$
The control sequence at the end of the top line
of your error message was never \def'ed. If you have
misspelled it (e.g., `\hobx'), type `I' and the correct
spelling (e.g., `I\hbox'). Otherwise just continue,
and I'll forget about whatever was undefined.

./Photonik.tex:52: Undefined control sequence.
l.52 ...achte den Poyntingvektor $\vec S=\vec E \x
                                                   \vec H$. Der Poyntingvekt...
The control sequence at the end of the top line
of your error message was never \def'ed. If you have
misspelled it (e.g., `\hobx'), type `I' and the correct
spelling (e.g., `I\hbox'). Otherwise just continue,
and I'll forget about whatever was undefined.


Package amsfonts Warning: Obsolete command \bold; \mathbf should be used instead on input line 55.


./Photonik.tex:55: LaTeX Error: \mathbf allowed only in math mode.

See the LaTeX manual or LaTeX Companion for explanation.
Type  H <return>  for immediate help.
 ...                                              
                                                  
l.55 \bold{Definition:}
                       
You're in trouble here.  Try typing  <return>  to proceed.
If that doesn't work, type  X <return>  to quit.


Underfull \hbox (badness 10000) in paragraph at lines 62--63

 []

./Photonik.tex:64: Undefined control sequence.
l.64 \vec \nabla \x
                    (\vec \nabla \x \vec E) = -Âµ_0\frac{\delta}{\delta t}(\...
The control sequence at the end of the top line
of your error message was never \def'ed. If you have
misspelled it (e.g., `\hobx'), type `I' and the correct
spelling (e.g., `I\hbox'). Otherwise just continue,
and I'll forget about whatever was undefined.

./Photonik.tex:64: Undefined control sequence.
l.64 \vec \nabla \x (\vec \nabla \x
                                    \vec E) = -Âµ_0\frac{\delta}{\delta t}(\...
The control sequence at the end of the top line
of your error message was never \def'ed. If you have
misspelled it (e.g., `\hobx'), type `I' and the correct
spelling (e.g., `I\hbox'). Otherwise just continue,
and I'll forget about whatever was undefined.


LaTeX Warning: Command \textmu invalid in math mode on input line 64.


LaTeX Warning: Command \textmu invalid in math mode on input line 64.

./Photonik.tex:64: Undefined control sequence.
l.64 ...Âµ_0\frac{\delta}{\delta t}(\vec \nabla \x
                                                   k)
The control sequence at the end of the top line
of your error message was never \def'ed. If you have
misspelled it (e.g., `\hobx'), type `I' and the correct
spelling (e.g., `I\hbox'). Otherwise just continue,
and I'll forget about whatever was undefined.

./Photonik.tex:65: Undefined control sequence.
l.65 \vec \nabla \x
                   (\vec \nabla \vec E)=-Âµ_0 \frac{\delta^2 \ldots}{\delta ...
The control sequence at the end of the top line
of your error message was never \def'ed. If you have
misspelled it (e.g., `\hobx'), type `I' and the correct
spelling (e.g., `I\hbox'). Otherwise just continue,
and I'll forget about whatever was undefined.


LaTeX Warning: Command \textmu invalid in math mode on input line 65.


LaTeX Warning: Command \textmu invalid in math mode on input line 65.


LaTeX Warning: Command \textmu invalid in math mode on input line 69.


LaTeX Warning: Command \textmu invalid in math mode on input line 69.

./Photonik.tex:70: Undefined control sequence.
l.70 \vec k = k_0.n.\vec e, \tab
                                 k_0=\frac{\omega}{c_0}
The control sequence at the end of the top line
of your error message was never \def'ed. If you have
misspelled it (e.g., `\hobx'), type `I' and the correct
spelling (e.g., `I\hbox'). Otherwise just continue,
and I'll forget about whatever was undefined.

./Photonik.tex:71: Missing { inserted.
<to be read again> 
                   \gdef 
l.71 ...n^2.\vec e(\vec e.\vec E)-\epsilon_\tilde.
                                                  \vec E = 0, \epsilon_\tild...
A left brace was mandatory here, so I've put one in.
You might want to delete and/or insert some corrections
so that I will find a matching right brace soon.
(If you're confused by all this, try typing `I}' now.)

./Photonik.tex:71: Missing { inserted.
<to be read again> 
                   \gdef 
l.71 ...silon_\tilde.\vec E = 0, \epsilon_\tilde =
                                                   [[\epsilon_x, 0,0][0,\eps...
A left brace was mandatory here, so I've put one in.
You might want to delete and/or insert some corrections
so that I will find a matching right brace soon.
(If you're confused by all this, try typing `I}' now.)

./Photonik.tex:72: Missing { inserted.
<to be read again> 
                   \gdef 
l.72 M_\tilde.
              \vec E = 0
A left brace was mandatory here, so I've put one in.
You might want to delete and/or insert some corrections
so that I will find a matching right brace soon.
(If you're confused by all this, try typing `I}' now.)

./Photonik.tex:73: Missing } inserted.
<inserted text> 
                }
l.73 .\]
        
I've inserted something that you may have forgotten.
(See the <inserted text> above.)
With luck, this will get me unwedged. But if you
really didn't forget anything, try typing `2' now; then
my insertion and my current dilemma will both disappear.

./Photonik.tex:73: Missing } inserted.
<inserted text> 
                }
l.73 .\]
        
I've inserted something that you may have forgotten.
(See the <inserted text> above.)
With luck, this will get me unwedged. But if you
really didn't forget anything, try typing `2' now; then
my insertion and my current dilemma will both disappear.

./Photonik.tex:73: Missing } inserted.
<inserted text> 
                }
l.73 .\]
        
I've inserted something that you may have forgotten.
(See the <inserted text> above.)
With luck, this will get me unwedged. But if you
really didn't forget anything, try typing `2' now; then
my insertion and my current dilemma will both disappear.

Missing character: There is no µ in font cmr10!
Missing character: There is no µ in font cmr10!
Missing character: There is no µ in font cmr10!

Overfull \hbox (425.62927pt too wide) detected at line 73
[]\OT1/cmr/m/n/10 ([][]) = \OMS/cmsy/m/n/10 ^^@[][]\OT1/cmr/m/n/10 ([]\OML/cmm/m/it/10 k\OT1/cmr/m/n/10 )[]([][]) = \OMS/cmsy/m/n/10 ^^@[][][]\OT1/cmr/m/n/10 ([][]) \OMS/cmsy/m/n/10 ^^@ [][] \OT1/cmr/m/n/10 = [] []  =[]\OMS/cmsy/m/n/10 )  ^^@\OML/cmm/m/it/10 jk^^Nt  \OT1/cmr/m/n/10 =[]\OMS/cmsy/m/n/10 )  \OML/cmm/m/it/10 j! \OMS/cmsy/m/n/10 ^^@ []\OT1/cmr/m/n/10 ([][]) + \OML/cmm/m/it/10 k[]:[] \OT1/cmr/m/n/10 = []\OML/cmm/m/it/10 :![]^^O[]^^O:[][] \OT1/cmr/m/n/10 = \OML/cmm/m/it/10 k[]:n:[]; k[] \OT1/cmr/m/n/10 = []\OML/cmm/m/it/10 n[][] \OMS/cmsy/m/n/10 ^^@ \OML/cmm/m/it/10 n[]:[]\OT1/cmr/m/n/10 ([]\OML/cmm/m/it/10 :[]\OT1/cmr/m/n/10 ) \OMS/cmsy/m/n/10 ^^@ \OML/cmm/m/it/10 ^^O[]
 []

./Photonik.tex:74: Missing { inserted.
<to be read again> 
                   \gdef 
l.74 Mit $det M_\tilde =
                         0$ folgt deie Gleichung  $n^4.A+n^2.B+C=0$ mit den ...
A left brace was mandatory here, so I've put one in.
You might want to delete and/or insert some corrections
so that I will find a matching right brace soon.
(If you're confused by all this, try typing `I}' now.)

./Photonik.tex:74: Missing } inserted.
<inserted text> 
                }
l.74 Mit $det M_\tilde = 0$
                            folgt deie Gleichung  $n^4.A+n^2.B+C=0$ mit den ...
I've inserted something that you may have forgotten.
(See the <inserted text> above.)
With luck, this will get me unwedged. But if you
really didn't forget anything, try typing `2' now; then
my insertion and my current dilemma will both disappear.

[1

{/var/lib/texmf/fonts/map/pdftex/updmap/pdftex.map}]
Overfull \hbox (386.96971pt too wide) detected at line 99
\OML/cmm/m/it/10 e[]e[] \OT1/cmr/m/n/10 = \OML/cmm/m/it/10 e[] \OT1/cmr/m/n/10 = 0[[\OML/cmm/m/it/10 n[] \OMS/cmsy/m/n/10 ^^@ \OML/cmm/m/it/10 n[]; \OT1/cmr/m/n/10 0\OML/cmm/m/it/10 ; \OT1/cmr/m/n/10 0][0\OML/cmm/m/it/10 ; \OMS/cmsy/m/n/10 ^^@\OML/cmm/m/it/10 n[]; \OT1/cmr/m/n/10 0][0\OML/cmm/m/it/10 ; \OT1/cmr/m/n/10 0\OML/cmm/m/it/10 ; n[] \OMS/cmsy/m/n/10 ^^@ \OML/cmm/m/it/10 n[]\OT1/cmr/m/n/10 ]][] = 0\OML/cmm/m/it/10 E[]:\OT1/cmr/m/n/10 (\OML/cmm/m/it/10 n[] \OMS/cmsy/m/n/10 ^^@ \OML/cmm/m/it/10 n[]\OT1/cmr/m/n/10 ) = 0  =[]\OMS/cmsy/m/n/10 )  \OML/cmm/m/it/10 n[] \OT1/cmr/m/n/10 = \OML/cmm/m/it/10 n[]  \OT1/cmr/m/n/10 =[]\OMS/cmsy/m/n/10 )  \OML/cmm/m/it/10 n \OT1/cmr/m/n/10 = \OML/cmm/m/it/10 n[]E[]\OT1/cmr/m/n/10 (\OMS/cmsy/m/n/10 ^^@\OML/cmm/m/it/10 n[]\OT1/cmr/m/n/10 ) = 0  =[]\OMS/cmsy/m/n/10 )  \OML/cmm/m/it/10 E[] \OT1/cmr/m/n/10 = 0\OML/cmm/m/it/10 E[]\OT1/cmr/m/n/10 (\OML/cmm/m/it/10 n[] \OMS/cmsy/m/n/10 ^^@ \OML/cmm/m/it/10 n[]\OT1/cmr/m/n/10 ) = 0  =[]\OMS/cmsy/m/n/10 )  \OML/cmm/m/it/10 n[] \OT1/cmr/m/n/10 = \OML/cmm/m/it/10 n[]  \OT1/cmr/m/n/10 =[]\OMS/cmsy/m/n/10 )  \OML/cmm/m/it/10 n \OT1/cmr/m/n/10 = \OML/cmm/m/it/10 n[]:
 []


Overfull \hbox (199.6172pt too wide) detected at line 110
\OML/cmm/m/it/10 v[] \OT1/cmr/m/n/10 = [] = [] = []\OML/cmm/m/it/10 v[][] [] Gruppengeschwindigkeit\OT1/cmr/m/n/10 (\OML/cmm/m/it/10 solltemanscheinbargelernthaben\OT1/cmr/m/n/10 )[] = []\OML/cmm/m/it/10 ! [] []:
 []


Underfull \hbox (badness 10000) in paragraph at lines 113--114

 []


./Photonik.tex:114: LaTeX Error: There's no line here to end.

See the LaTeX manual or LaTeX Companion for explanation.
Type  H <return>  for immediate help.
 ...                                              
                                                  
l.114 \subsubsection*{Die Wellenplatte}\newline
                                               
Your command was ignored.
Type  I <command> <return>  to replace it with another command,
or  <return>  to continue without it.


Overfull \hbox (480.04967pt too wide) detected at line 127
\OML/cmm/m/it/10 y \OT1/cmr/m/n/10 = \OML/cmm/m/it/10 k:d \OT1/cmr/m/n/10 = \OML/cmm/m/it/10 k[]:n:dy[] \OT1/cmr/m/n/10 = \OML/cmm/m/it/10 k[]:d:n[]y[] \OT1/cmr/m/n/10 = \OML/cmm/m/it/10 k[]:d:n[][]n \OT1/cmr/m/n/10 = (\OML/cmm/m/it/10 E[]; E[]\OT1/cmr/m/n/10 )[]\OML/cmm/m/it/10 ut \OT1/cmr/m/n/10 = (\OML/cmm/m/it/10 E[]; E[]\OT1/cmr/m/n/10 ) = ((\OML/cmm/m/it/10 e[]y[]; \OT1/cmr/m/n/10 0)(0\OML/cmm/m/it/10 ; e[]y[]\OT1/cmr/m/n/10 ))\OML/cmm/m/it/10 :\OT1/cmr/m/n/10 (\OML/cmm/m/it/10 E[]; E[]\OT1/cmr/m/n/10 ) = \OML/cmm/m/it/10 e[]:\OT1/cmr/m/n/10 ((1\OML/cmm/m/it/10 ; \OT1/cmr/m/n/10 0)(0\OML/cmm/m/it/10 ; e[]\OT1/cmr/m/n/10 ^^A\OML/cmm/m/it/10 y\OT1/cmr/m/n/10 ))\OML/cmm/m/it/10 :\OT1/cmr/m/n/10 (\OML/cmm/m/it/10 E[]; E[]\OT1/cmr/m/n/10 )^^A\OML/cmm/m/it/10 y \OT1/cmr/m/n/10 = \OML/cmm/m/it/10 k[]:d\OT1/cmr/m/n/10 (\OML/cmm/m/it/10 n[] \OMS/cmsy/m/n/10 ^^@ \OML/cmm/m/it/10 n[]\OT1/cmr/m/n/10 ) =![]^^A\OML/cmm/m/it/10 nd \OT1/cmr/m/n/10 = [][] = []\OML/cmm/m/it/10 :
 []

[2]
./Photonik.tex:151: Undefined control sequence.
l.151 ...{1}+E_{2})komplkonj =  E_{1}E_{1}\komkonj
                                                   +E_{2}E_{2}\komkonj + E_{...
The control sequence at the end of the top line
of your error message was never \def'ed. If you have
misspelled it (e.g., `\hobx'), type `I' and the correct
spelling (e.g., `I\hbox'). Otherwise just continue,
and I'll forget about whatever was undefined.

./Photonik.tex:151: Undefined control sequence.
l.151 ...=  E_{1}E_{1}\komkonj +E_{2}E_{2}\komkonj
                                                   + E_{1}\komkonj E_{2} + E...
The control sequence at the end of the top line
of your error message was never \def'ed. If you have
misspelled it (e.g., `\hobx'), type `I' and the correct
spelling (e.g., `I\hbox'). Otherwise just continue,
and I'll forget about whatever was undefined.

./Photonik.tex:151: Undefined control sequence.
l.151 ...mkonj +E_{2}E_{2}\komkonj + E_{1}\komkonj
                                                   E_{2} + E_{2}\komkonj E_{...
The control sequence at the end of the top line
of your error message was never \def'ed. If you have
misspelled it (e.g., `\hobx'), type `I' and the correct
spelling (e.g., `I\hbox'). Otherwise just continue,
and I'll forget about whatever was undefined.

./Photonik.tex:151: Undefined control sequence.
l.151 ...onj + E_{1}\komkonj E_{2} + E_{2}\komkonj
                                                   E_{1} = I_{0} + I_{0} + 2...
The control sequence at the end of the top line
of your error message was never \def'ed. If you have
misspelled it (e.g., `\hobx'), type `I' and the correct
spelling (e.g., `I\hbox'). Otherwise just continue,
and I'll forget about whatever was undefined.


Overfull \hbox (108.32397pt too wide) detected at line 151
\OML/cmm/m/it/10 I \OT1/cmr/m/n/10 = (\OML/cmm/m/it/10 E[] \OT1/cmr/m/n/10 + \OML/cmm/m/it/10 E[]\OT1/cmr/m/n/10 )(\OML/cmm/m/it/10 E[] \OT1/cmr/m/n/10 + \OML/cmm/m/it/10 E[]\OT1/cmr/m/n/10 )\OML/cmm/m/it/10 komplkonj \OT1/cmr/m/n/10 = \OML/cmm/m/it/10 E[]E[] \OT1/cmr/m/n/10 + \OML/cmm/m/it/10 E[]E[] \OT1/cmr/m/n/10 + \OML/cmm/m/it/10 E[]E[] \OT1/cmr/m/n/10 + \OML/cmm/m/it/10 E[]E[] \OT1/cmr/m/n/10 = \OML/cmm/m/it/10 I[] \OT1/cmr/m/n/10 + \OML/cmm/m/it/10 I[] \OT1/cmr/m/n/10 + 2\OML/cmm/m/it/10 I[] []\OT1/cmr/m/n/10 (^^A\OML/cmm/m/it/10 t\OT1/cmr/m/n/10 ) = 2\OML/cmm/m/it/10 I[]\OT1/cmr/m/n/10 (1 + [](^^A\OML/cmm/m/it/10 t\OT1/cmr/m/n/10 ))
 []

./Photonik.tex:172: Undefined control sequence.
l.172 \[ I(\oemga
                 )=I_{0}(\omega)2(1+\cos(\Delta \Phi)) \]
The control sequence at the end of the top line
of your error message was never \def'ed. If you have
misspelled it (e.g., `\hobx'), type `I' and the correct
spelling (e.g., `I\hbox'). Otherwise just continue,
and I'll forget about whatever was undefined.

[3]
./Photonik.tex:196: Missing $ inserted.
<inserted text> 
                $
l.196 \implies
              
I've inserted a begin-math/end-math symbol since I think
you left one out. Proceed, with fingers crossed.


./Photonik.tex:197: LaTeX Error: Bad math environment delimiter.

See the LaTeX manual or LaTeX Companion for explanation.
Type  H <return>  for immediate help.
 ...                                              
                                                  
l.197 \[
         \frac{I_{t}}{I_{0}}=\frac{T^{2}}{1-2R\cos(\Delta\Phi)+R^{2}} \]
Your command was ignored.
Type  I <command> <return>  to replace it with another command,
or  <return>  to continue without it.

./Photonik.tex:197: Missing \endgroup inserted.
<inserted text> 
                \endgroup 
l.197 ...rac{T^{2}}{1-2R\cos(\Delta\Phi)+R^{2}} \]
                                                  
I've inserted something that you may have forgotten.
(See the <inserted text> above.)
With luck, this will get me unwedged. But if you
really didn't forget anything, try typing `2' now; then
my insertion and my current dilemma will both disappear.


./Photonik.tex:197: LaTeX Error: \begin{document} ended by \end{equation*}.

See the LaTeX manual or LaTeX Companion for explanation.
Type  H <return>  for immediate help.
 ...                                              
                                                  
l.197 ...rac{T^{2}}{1-2R\cos(\Delta\Phi)+R^{2}} \]
                                                  
Your command was ignored.
Type  I <command> <return>  to replace it with another command,
or  <return>  to continue without it.

./Photonik.tex:197: Missing $ inserted.
<inserted text> 
                $
l.197 ...rac{T^{2}}{1-2R\cos(\Delta\Phi)+R^{2}} \]
                                                  
I've inserted something that you may have forgotten.
(See the <inserted text> above.)
With luck, this will get me unwedged. But if you
really didn't forget anything, try typing `2' now; then
my insertion and my current dilemma will both disappear.

./Photonik.tex:197: Extra \endgroup.
<recently read> \endgroup 
                          
l.197 ...rac{T^{2}}{1-2R\cos(\Delta\Phi)+R^{2}} \]
                                                  
Things are pretty mixed up, but I think the worst is over.

./Photonik.tex:200: Double superscript.
<argument> (1-R^)^
                  {2}
l.200 ...}{(1-R)^{2}}=\frac{(1-R^)^{2}}{(1-R)^{2}}
                                                  =1\]
I treat `x^1^2' essentially like `x^1{}^2'.

[4] [5] (./Photonik.aux) ) 
Here is how much of TeX's memory you used:
 5568 strings out of 476091
 88019 string characters out of 5794080
 1866330 words of memory out of 5000000
 25858 multiletter control sequences out of 15000+600000
 520477 words of font info for 49 fonts, out of 8000000 for 9000
 1141 hyphenation exceptions out of 8191
 72i,6n,76p,514b,154s stack positions out of 10000i,1000n,20000p,200000b,200000s
{/usr/share/texmf/fonts/enc/dvips/cm-super/cm-super-t1.enc}{/usr/share/texmf/fonts/enc/dvips/cm-super/cm-super-ts1.enc}</usr/share/texlive/texmf-dist/fonts/type1/public/amsfonts/cm/cmex10.pfb></usr/share/texlive/texmf-dist/fonts/type1/public/amsfonts/cm/cmmi10.pfb></usr/share/texlive/texmf-dist/fonts/type1/public/amsfonts/cm/cmmi5.pfb></usr/share/texlive/texmf-dist/fonts/type1/public/amsfonts/cm/cmmi7.pfb></usr/share/texlive/texmf-dist/fonts/type1/public/amsfonts/cm/cmr10.pfb></usr/share/texlive/texmf-dist/fonts/type1/public/amsfonts/cm/cmr5.pfb></usr/share/texlive/texmf-dist/fonts/type1/public/amsfonts/cm/cmr7.pfb></usr/share/texlive/texmf-dist/fonts/type1/public/amsfonts/cm/cmsy10.pfb></usr/share/texlive/texmf-dist/fonts/type1/public/amsfonts/cm/cmsy7.pfb></usr/share/texmf/fonts/type1/public/cm-super/sfbx1000.pfb></usr/share/texmf/fonts/type1/public/cm-super/sfbx1200.pfb></usr/share/texmf/fonts/type1/public/cm-super/sfbx1440.pfb></usr/share/texmf/fonts/type1/public/cm-super/sfrm1000.pfb>
Output written on Photonik.pdf (5 pages, 196284 bytes).
PDF statistics:
 90 PDF objects out of 1000 (max. 8388607)
 55 compressed objects within 1 object stream
 0 named destinations out of 1000 (max. 500000)
 1 words of extra memory for PDF output out of 10000 (max. 10000000)

